{"C:\\Users\\felip\\clip-factory\\src\\app.js": {"path":"C:\\Users\\felip\\clip-factory\\src\\app.js","statementMap":{"0":{"start":{"line":1,"column":16},"end":{"line":1,"column":34}},"1":{"start":{"line":2,"column":13},"end":{"line":2,"column":28}},"2":{"start":{"line":3,"column":15},"end":{"line":3,"column":32}},"3":{"start":{"line":4,"column":22},"end":{"line":4,"column":47}},"4":{"start":{"line":5,"column":13},"end":{"line":5,"column":28}},"5":{"start":{"line":6,"column":15},"end":{"line":6,"column":65}},"6":{"start":{"line":8,"column":21},"end":{"line":8,"column":47}},"7":{"start":{"line":9,"column":19},"end":{"line":9,"column":43}},"8":{"start":{"line":10,"column":20},"end":{"line":10,"column":45}},"9":{"start":{"line":11,"column":26},"end":{"line":11,"column":57}},"10":{"start":{"line":12,"column":19},"end":{"line":12,"column":43}},"11":{"start":{"line":13,"column":22},"end":{"line":13,"column":49}},"12":{"start":{"line":14,"column":21},"end":{"line":14,"column":47}},"13":{"start":{"line":16,"column":12},"end":{"line":16,"column":21}},"14":{"start":{"line":19,"column":0},"end":{"line":30,"column":3}},"15":{"start":{"line":20,"column":16},"end":{"line":20,"column":26}},"16":{"start":{"line":21,"column":2},"end":{"line":28,"column":5}},"17":{"start":{"line":22,"column":4},"end":{"line":27,"column":53}},"18":{"start":{"line":29,"column":2},"end":{"line":29,"column":9}},"19":{"start":{"line":33,"column":0},"end":{"line":33,"column":50}},"20":{"start":{"line":34,"column":0},"end":{"line":34,"column":16}},"21":{"start":{"line":35,"column":0},"end":{"line":35,"column":24}},"22":{"start":{"line":36,"column":0},"end":{"line":36,"column":49}},"23":{"start":{"line":39,"column":0},"end":{"line":45,"column":4}},"24":{"start":{"line":49,"column":22},"end":{"line":49,"column":93}},"25":{"start":{"line":50,"column":2},"end":{"line":50,"column":67}},"26":{"start":{"line":50,"column":28},"end":{"line":50,"column":50}},"27":{"start":{"line":50,"column":53},"end":{"line":50,"column":67}},"28":{"start":{"line":51,"column":2},"end":{"line":51,"column":62}},"29":{"start":{"line":51,"column":48},"end":{"line":51,"column":62}},"30":{"start":{"line":52,"column":2},"end":{"line":52,"column":94}},"31":{"start":{"line":52,"column":36},"end":{"line":52,"column":94}},"32":{"start":{"line":53,"column":2},"end":{"line":53,"column":30}},"33":{"start":{"line":56,"column":0},"end":{"line":56,"column":21}},"34":{"start":{"line":59,"column":0},"end":{"line":59,"column":56}},"35":{"start":{"line":62,"column":0},"end":{"line":62,"column":29}},"36":{"start":{"line":65,"column":0},"end":{"line":65,"column":33}},"37":{"start":{"line":66,"column":0},"end":{"line":66,"column":33}},"38":{"start":{"line":67,"column":0},"end":{"line":67,"column":35}},"39":{"start":{"line":68,"column":0},"end":{"line":68,"column":47}},"40":{"start":{"line":69,"column":0},"end":{"line":69,"column":39}},"41":{"start":{"line":70,"column":0},"end":{"line":70,"column":37}},"42":{"start":{"line":73,"column":0},"end":{"line":76,"column":3}},"43":{"start":{"line":74,"column":2},"end":{"line":74,"column":98}},"44":{"start":{"line":74,"column":36},"end":{"line":74,"column":98}},"45":{"start":{"line":75,"column":2},"end":{"line":75,"column":73}},"46":{"start":{"line":79,"column":0},"end":{"line":85,"column":3}},"47":{"start":{"line":80,"column":2},"end":{"line":80,"column":77}},"48":{"start":{"line":81,"column":2},"end":{"line":84,"column":5}},"49":{"start":{"line":87,"column":0},"end":{"line":87,"column":21}}},"fnMap":{"0":{"name":"(anonymous_0)","decl":{"start":{"line":19,"column":8},"end":{"line":19,"column":9}},"loc":{"start":{"line":19,"column":28},"end":{"line":30,"column":1}},"line":19},"1":{"name":"(anonymous_1)","decl":{"start":{"line":21,"column":19},"end":{"line":21,"column":20}},"loc":{"start":{"line":21,"column":25},"end":{"line":28,"column":3}},"line":21},"2":{"name":"requireAuth","decl":{"start":{"line":48,"column":9},"end":{"line":48,"column":20}},"loc":{"start":{"line":48,"column":37},"end":{"line":54,"column":1}},"line":48},"3":{"name":"(anonymous_3)","decl":{"start":{"line":50,"column":23},"end":{"line":50,"column":24}},"loc":{"start":{"line":50,"column":28},"end":{"line":50,"column":50}},"line":50},"4":{"name":"(anonymous_4)","decl":{"start":{"line":73,"column":8},"end":{"line":73,"column":9}},"loc":{"start":{"line":73,"column":22},"end":{"line":76,"column":1}},"line":73},"5":{"name":"(anonymous_5)","decl":{"start":{"line":79,"column":8},"end":{"line":79,"column":9}},"loc":{"start":{"line":79,"column":34},"end":{"line":85,"column":1}},"line":79}},"branchMap":{"0":{"loc":{"start":{"line":41,"column":10},"end":{"line":41,"column":71}},"type":"binary-expr","locations":[{"start":{"line":41,"column":10},"end":{"line":41,"column":36}},{"start":{"line":41,"column":40},"end":{"line":41,"column":71}}],"line":41},"1":{"loc":{"start":{"line":50,"column":2},"end":{"line":50,"column":67}},"type":"if","locations":[{"start":{"line":50,"column":2},"end":{"line":50,"column":67}},{"start":{},"end":{}}],"line":50},"2":{"loc":{"start":{"line":51,"column":2},"end":{"line":51,"column":62}},"type":"if","locations":[{"start":{"line":51,"column":2},"end":{"line":51,"column":62}},{"start":{},"end":{}}],"line":51},"3":{"loc":{"start":{"line":51,"column":6},"end":{"line":51,"column":46}},"type":"binary-expr","locations":[{"start":{"line":51,"column":6},"end":{"line":51,"column":17}},{"start":{"line":51,"column":21},"end":{"line":51,"column":46}}],"line":51},"4":{"loc":{"start":{"line":52,"column":2},"end":{"line":52,"column":94}},"type":"if","locations":[{"start":{"line":52,"column":2},"end":{"line":52,"column":94}},{"start":{},"end":{}}],"line":52},"5":{"loc":{"start":{"line":74,"column":2},"end":{"line":74,"column":98}},"type":"if","locations":[{"start":{"line":74,"column":2},"end":{"line":74,"column":98}},{"start":{},"end":{}}],"line":74},"6":{"loc":{"start":{"line":81,"column":13},"end":{"line":81,"column":30}},"type":"binary-expr","locations":[{"start":{"line":81,"column":13},"end":{"line":81,"column":23}},{"start":{"line":81,"column":27},"end":{"line":81,"column":30}}],"line":81},"7":{"loc":{"start":{"line":83,"column":13},"end":{"line":83,"column":77}},"type":"cond-expr","locations":[{"start":{"line":83,"column":54},"end":{"line":83,"column":65}},{"start":{"line":83,"column":68},"end":{"line":83,"column":77}}],"line":83}},"s":{"0":6,"1":6,"2":6,"3":6,"4":6,"5":6,"6":6,"7":6,"8":6,"9":6,"10":6,"11":6,"12":6,"13":6,"14":6,"15":94,"16":94,"17":94,"18":94,"19":6,"20":6,"21":6,"22":6,"23":6,"24":94,"25":94,"26":334,"27":45,"28":49,"29":38,"30":11,"31":6,"32":5,"33":6,"34":6,"35":6,"36":6,"37":6,"38":6,"39":6,"40":6,"41":6,"42":6,"43":0,"44":0,"45":0,"46":6,"47":0,"48":0,"49":6},"f":{"0":94,"1":94,"2":94,"3":334,"4":0,"5":0},"b":{"0":[6,4],"1":[45,49],"2":[38,11],"3":[49,49],"4":[6,5],"5":[0,0],"6":[0,0],"7":[0,0]},"_coverageSchema":"1a1c01bbd47fc00a2c39e90264f33305004495a9","hash":"1a73764bd33971e46baa81165f962fb6e70331a5"}
,"C:\\Users\\felip\\clip-factory\\src\\modules\\analyzer\\analyzer.service.js": {"path":"C:\\Users\\felip\\clip-factory\\src\\modules\\analyzer\\analyzer.service.js","statementMap":{"0":{"start":{"line":1,"column":18},"end":{"line":1,"column":48}},"1":{"start":{"line":2,"column":33},"end":{"line":2,"column":60}},"2":{"start":{"line":3,"column":15},"end":{"line":3,"column":74}},"3":{"start":{"line":5,"column":25},"end":{"line":5,"column":27}},"4":{"start":{"line":6,"column":25},"end":{"line":6,"column":27}},"5":{"start":{"line":7,"column":26},"end":{"line":7,"column":32}},"6":{"start":{"line":8,"column":26},"end":{"line":8,"column":33}},"7":{"start":{"line":14,"column":2},"end":{"line":14,"column":87}},"8":{"start":{"line":14,"column":74},"end":{"line":14,"column":87}},"9":{"start":{"line":15,"column":2},"end":{"line":15,"column":37}},"10":{"start":{"line":15,"column":24},"end":{"line":15,"column":37}},"11":{"start":{"line":16,"column":2},"end":{"line":16,"column":47}},"12":{"start":{"line":16,"column":34},"end":{"line":16,"column":47}},"13":{"start":{"line":17,"column":2},"end":{"line":17,"column":60}},"14":{"start":{"line":17,"column":47},"end":{"line":17,"column":60}},"15":{"start":{"line":19,"column":19},"end":{"line":19,"column":44}},"16":{"start":{"line":20,"column":2},"end":{"line":20,"column":102}},"17":{"start":{"line":20,"column":89},"end":{"line":20,"column":102}},"18":{"start":{"line":21,"column":2},"end":{"line":21,"column":105}},"19":{"start":{"line":21,"column":92},"end":{"line":21,"column":105}},"20":{"start":{"line":22,"column":2},"end":{"line":22,"column":56}},"21":{"start":{"line":22,"column":43},"end":{"line":22,"column":56}},"22":{"start":{"line":23,"column":2},"end":{"line":23,"column":60}},"23":{"start":{"line":23,"column":47},"end":{"line":23,"column":60}},"24":{"start":{"line":25,"column":2},"end":{"line":25,"column":14}},"25":{"start":{"line":33,"column":20},"end":{"line":33,"column":74}},"26":{"start":{"line":34,"column":14},"end":{"line":34,"column":31}},"27":{"start":{"line":36,"column":2},"end":{"line":38,"column":3}},"28":{"start":{"line":37,"column":4},"end":{"line":37,"column":93}},"29":{"start":{"line":41,"column":19},"end":{"line":44,"column":3}},"30":{"start":{"line":45,"column":24},"end":{"line":45,"column":40}},"31":{"start":{"line":47,"column":2},"end":{"line":49,"column":3}},"32":{"start":{"line":48,"column":4},"end":{"line":48,"column":62}},"33":{"start":{"line":52,"column":2},"end":{"line":52,"column":91}},"34":{"start":{"line":54,"column":2},"end":{"line":96,"column":3}},"35":{"start":{"line":55,"column":18},"end":{"line":57,"column":33}},"36":{"start":{"line":60,"column":27},"end":{"line":64,"column":5}},"37":{"start":{"line":67,"column":29},"end":{"line":67,"column":100}},"38":{"start":{"line":67,"column":56},"end":{"line":67,"column":99}},"39":{"start":{"line":69,"column":4},"end":{"line":71,"column":5}},"40":{"start":{"line":70,"column":6},"end":{"line":70,"column":60}},"41":{"start":{"line":74,"column":4},"end":{"line":80,"column":5}},"42":{"start":{"line":75,"column":6},"end":{"line":79,"column":8}},"43":{"start":{"line":83,"column":4},"end":{"line":83,"column":92}},"44":{"start":{"line":85,"column":23},"end":{"line":85,"column":78}},"45":{"start":{"line":85,"column":52},"end":{"line":85,"column":70}},"46":{"start":{"line":86,"column":22},"end":{"line":86,"column":76}},"47":{"start":{"line":86,"column":51},"end":{"line":86,"column":68}},"48":{"start":{"line":87,"column":4},"end":{"line":87,"column":109}},"49":{"start":{"line":89,"column":4},"end":{"line":89,"column":28}},"50":{"start":{"line":91,"column":4},"end":{"line":94,"column":6}},"51":{"start":{"line":95,"column":4},"end":{"line":95,"column":14}},"52":{"start":{"line":100,"column":17},"end":{"line":107,"column":3}},"53":{"start":{"line":108,"column":2},"end":{"line":108,"column":21}},"54":{"start":{"line":112,"column":16},"end":{"line":112,"column":51}},"55":{"start":{"line":113,"column":2},"end":{"line":115,"column":3}},"56":{"start":{"line":114,"column":4},"end":{"line":114,"column":82}},"57":{"start":{"line":117,"column":17},"end":{"line":120,"column":3}},"58":{"start":{"line":122,"column":2},"end":{"line":124,"column":3}},"59":{"start":{"line":123,"column":4},"end":{"line":123,"column":79}},"60":{"start":{"line":126,"column":2},"end":{"line":126,"column":24}},"61":{"start":{"line":129,"column":0},"end":{"line":129,"column":97}}},"fnMap":{"0":{"name":"validateSuggestion","decl":{"start":{"line":13,"column":9},"end":{"line":13,"column":27}},"loc":{"start":{"line":13,"column":44},"end":{"line":26,"column":1}},"line":13},"1":{"name":"processAnalysis","decl":{"start":{"line":31,"column":15},"end":{"line":31,"column":30}},"loc":{"start":{"line":31,"column":38},"end":{"line":97,"column":1}},"line":31},"2":{"name":"(anonymous_2)","decl":{"start":{"line":67,"column":51},"end":{"line":67,"column":52}},"loc":{"start":{"line":67,"column":56},"end":{"line":67,"column":99}},"line":67},"3":{"name":"(anonymous_3)","decl":{"start":{"line":85,"column":47},"end":{"line":85,"column":48}},"loc":{"start":{"line":85,"column":52},"end":{"line":85,"column":70}},"line":85},"4":{"name":"(anonymous_4)","decl":{"start":{"line":86,"column":46},"end":{"line":86,"column":47}},"loc":{"start":{"line":86,"column":51},"end":{"line":86,"column":68}},"line":86},"5":{"name":"getSuggestions","decl":{"start":{"line":99,"column":15},"end":{"line":99,"column":29}},"loc":{"start":{"line":99,"column":37},"end":{"line":109,"column":1}},"line":99},"6":{"name":"updateSuggestionStatus","decl":{"start":{"line":111,"column":15},"end":{"line":111,"column":37}},"loc":{"start":{"line":111,"column":60},"end":{"line":127,"column":1}},"line":111}},"branchMap":{"0":{"loc":{"start":{"line":14,"column":2},"end":{"line":14,"column":87}},"type":"if","locations":[{"start":{"line":14,"column":2},"end":{"line":14,"column":87}},{"start":{},"end":{}}],"line":14},"1":{"loc":{"start":{"line":14,"column":6},"end":{"line":14,"column":72}},"type":"binary-expr","locations":[{"start":{"line":14,"column":6},"end":{"line":14,"column":38}},{"start":{"line":14,"column":42},"end":{"line":14,"column":72}}],"line":14},"2":{"loc":{"start":{"line":15,"column":2},"end":{"line":15,"column":37}},"type":"if","locations":[{"start":{"line":15,"column":2},"end":{"line":15,"column":37}},{"start":{},"end":{}}],"line":15},"3":{"loc":{"start":{"line":16,"column":2},"end":{"line":16,"column":47}},"type":"if","locations":[{"start":{"line":16,"column":2},"end":{"line":16,"column":47}},{"start":{},"end":{}}],"line":16},"4":{"loc":{"start":{"line":17,"column":2},"end":{"line":17,"column":60}},"type":"if","locations":[{"start":{"line":17,"column":2},"end":{"line":17,"column":60}},{"start":{},"end":{}}],"line":17},"5":{"loc":{"start":{"line":17,"column":6},"end":{"line":17,"column":45}},"type":"binary-expr","locations":[{"start":{"line":17,"column":6},"end":{"line":17,"column":17}},{"start":{"line":17,"column":21},"end":{"line":17,"column":45}}],"line":17},"6":{"loc":{"start":{"line":20,"column":2},"end":{"line":20,"column":102}},"type":"if","locations":[{"start":{"line":20,"column":2},"end":{"line":20,"column":102}},{"start":{},"end":{}}],"line":20},"7":{"loc":{"start":{"line":20,"column":6},"end":{"line":20,"column":87}},"type":"binary-expr","locations":[{"start":{"line":20,"column":6},"end":{"line":20,"column":23}},{"start":{"line":20,"column":28},"end":{"line":20,"column":55}},{"start":{"line":20,"column":59},"end":{"line":20,"column":86}}],"line":20},"8":{"loc":{"start":{"line":21,"column":2},"end":{"line":21,"column":105}},"type":"if","locations":[{"start":{"line":21,"column":2},"end":{"line":21,"column":105}},{"start":{},"end":{}}],"line":21},"9":{"loc":{"start":{"line":21,"column":6},"end":{"line":21,"column":90}},"type":"binary-expr","locations":[{"start":{"line":21,"column":6},"end":{"line":21,"column":24}},{"start":{"line":21,"column":29},"end":{"line":21,"column":57}},{"start":{"line":21,"column":61},"end":{"line":21,"column":89}}],"line":21},"10":{"loc":{"start":{"line":22,"column":2},"end":{"line":22,"column":56}},"type":"if","locations":[{"start":{"line":22,"column":2},"end":{"line":22,"column":56}},{"start":{},"end":{}}],"line":22},"11":{"loc":{"start":{"line":23,"column":2},"end":{"line":23,"column":60}},"type":"if","locations":[{"start":{"line":23,"column":2},"end":{"line":23,"column":60}},{"start":{},"end":{}}],"line":23},"12":{"loc":{"start":{"line":23,"column":6},"end":{"line":23,"column":45}},"type":"binary-expr","locations":[{"start":{"line":23,"column":6},"end":{"line":23,"column":14}},{"start":{"line":23,"column":18},"end":{"line":23,"column":45}}],"line":23},"13":{"loc":{"start":{"line":36,"column":2},"end":{"line":38,"column":3}},"type":"if","locations":[{"start":{"line":36,"column":2},"end":{"line":38,"column":3}},{"start":{},"end":{}}],"line":36},"14":{"loc":{"start":{"line":36,"column":6},"end":{"line":36,"column":42}},"type":"binary-expr","locations":[{"start":{"line":36,"column":6},"end":{"line":36,"column":10}},{"start":{"line":36,"column":14},"end":{"line":36,"column":42}}],"line":36},"15":{"loc":{"start":{"line":47,"column":2},"end":{"line":49,"column":3}},"type":"if","locations":[{"start":{"line":47,"column":2},"end":{"line":49,"column":3}},{"start":{},"end":{}}],"line":47},"16":{"loc":{"start":{"line":55,"column":18},"end":{"line":57,"column":33}},"type":"cond-expr","locations":[{"start":{"line":56,"column":8},"end":{"line":56,"column":39}},{"start":{"line":57,"column":8},"end":{"line":57,"column":33}}],"line":55},"17":{"loc":{"start":{"line":57,"column":8},"end":{"line":57,"column":33}},"type":"binary-expr","locations":[{"start":{"line":57,"column":8},"end":{"line":57,"column":27}},{"start":{"line":57,"column":31},"end":{"line":57,"column":33}}],"line":57},"18":{"loc":{"start":{"line":69,"column":4},"end":{"line":71,"column":5}},"type":"if","locations":[{"start":{"line":69,"column":4},"end":{"line":71,"column":5}},{"start":{},"end":{}}],"line":69},"19":{"loc":{"start":{"line":113,"column":2},"end":{"line":115,"column":3}},"type":"if","locations":[{"start":{"line":113,"column":2},"end":{"line":115,"column":3}},{"start":{},"end":{}}],"line":113},"20":{"loc":{"start":{"line":122,"column":2},"end":{"line":124,"column":3}},"type":"if","locations":[{"start":{"line":122,"column":2},"end":{"line":124,"column":3}},{"start":{},"end":{}}],"line":122}},"s":{"0":4,"1":4,"2":4,"3":4,"4":4,"5":4,"6":4,"7":10,"8":0,"9":10,"10":1,"11":9,"12":0,"13":9,"14":1,"15":8,"16":8,"17":1,"18":7,"19":2,"20":5,"21":1,"22":4,"23":0,"24":4,"25":3,"26":3,"27":3,"28":1,"29":2,"30":2,"31":2,"32":1,"33":1,"34":1,"35":1,"36":1,"37":1,"38":2,"39":1,"40":0,"41":1,"42":2,"43":1,"44":1,"45":2,"46":1,"47":2,"48":1,"49":1,"50":0,"51":0,"52":0,"53":0,"54":3,"55":3,"56":1,"57":2,"58":2,"59":1,"60":1,"61":4},"f":{"0":10,"1":3,"2":2,"3":2,"4":2,"5":0,"6":3},"b":{"0":[0,10],"1":[10,10],"2":[1,9],"3":[0,9],"4":[1,8],"5":[9,9],"6":[1,7],"7":[8,3,3],"8":[2,5],"9":[7,4,3],"10":[1,4],"11":[0,4],"12":[4,4],"13":[1,2],"14":[3,3],"15":[1,1],"16":[1,0],"17":[0,0],"18":[0,1],"19":[1,2],"20":[1,1]},"_coverageSchema":"1a1c01bbd47fc00a2c39e90264f33305004495a9","hash":"eefccb6e39e28144d5ad6ed27e899cd088a6d8ce"}
,"C:\\Users\\felip\\clip-factory\\src\\modules\\analyzer\\openai.service.js": {"path":"C:\\Users\\felip\\clip-factory\\src\\modules\\analyzer\\openai.service.js","statementMap":{"0":{"start":{"line":1,"column":15},"end":{"line":1,"column":32}},"1":{"start":{"line":2,"column":15},"end":{"line":2,"column":72}},"2":{"start":{"line":4,"column":22},"end":{"line":32,"column":2}},"3":{"start":{"line":39,"column":18},"end":{"line":39,"column":50}},"4":{"start":{"line":42,"column":18},"end":{"line":42,"column":20}},"5":{"start":{"line":43,"column":2},"end":{"line":57,"column":3}},"6":{"start":{"line":44,"column":24},"end":{"line":44,"column":25}},"7":{"start":{"line":45,"column":4},"end":{"line":54,"column":7}},"8":{"start":{"line":46,"column":27},"end":{"line":46,"column":44}},"9":{"start":{"line":47,"column":6},"end":{"line":52,"column":7}},"10":{"start":{"line":48,"column":18},"end":{"line":48,"column":48}},"11":{"start":{"line":49,"column":18},"end":{"line":49,"column":48}},"12":{"start":{"line":50,"column":8},"end":{"line":50,"column":63}},"13":{"start":{"line":51,"column":8},"end":{"line":51,"column":28}},"14":{"start":{"line":53,"column":6},"end":{"line":53,"column":35}},"15":{"start":{"line":56,"column":4},"end":{"line":56,"column":21}},"16":{"start":{"line":59,"column":2},"end":{"line":64,"column":21}},"17":{"start":{"line":71,"column":2},"end":{"line":71,"column":36}},"18":{"start":{"line":78,"column":26},"end":{"line":78,"column":46}},"19":{"start":{"line":80,"column":2},"end":{"line":82,"column":3}},"20":{"start":{"line":81,"column":4},"end":{"line":81,"column":29}},"21":{"start":{"line":85,"column":19},"end":{"line":85,"column":47}},"22":{"start":{"line":86,"column":23},"end":{"line":86,"column":50}},"23":{"start":{"line":88,"column":22},"end":{"line":88,"column":52}},"24":{"start":{"line":89,"column":22},"end":{"line":89,"column":47}},"25":{"start":{"line":91,"column":21},"end":{"line":91,"column":59}},"26":{"start":{"line":91,"column":42},"end":{"line":91,"column":48}},"27":{"start":{"line":92,"column":21},"end":{"line":92,"column":59}},"28":{"start":{"line":92,"column":42},"end":{"line":92,"column":48}},"29":{"start":{"line":94,"column":2},"end":{"line":94,"column":97}},"30":{"start":{"line":95,"column":2},"end":{"line":98,"column":4}},"31":{"start":{"line":105,"column":15},"end":{"line":105,"column":17}},"32":{"start":{"line":106,"column":2},"end":{"line":112,"column":5}},"33":{"start":{"line":107,"column":24},"end":{"line":109,"column":5}},"34":{"start":{"line":108,"column":18},"end":{"line":108,"column":94}},"35":{"start":{"line":110,"column":4},"end":{"line":110,"column":35}},"36":{"start":{"line":110,"column":22},"end":{"line":110,"column":35}},"37":{"start":{"line":111,"column":4},"end":{"line":111,"column":24}},"38":{"start":{"line":119,"column":2},"end":{"line":121,"column":3}},"39":{"start":{"line":120,"column":4},"end":{"line":120,"column":54}},"40":{"start":{"line":123,"column":17},"end":{"line":123,"column":67}},"41":{"start":{"line":124,"column":17},"end":{"line":124,"column":67}},"42":{"start":{"line":126,"column":25},"end":{"line":126,"column":27}},"43":{"start":{"line":128,"column":2},"end":{"line":155,"column":3}},"44":{"start":{"line":129,"column":23},"end":{"line":129,"column":93}},"45":{"start":{"line":130,"column":27},"end":{"line":130,"column":71}},"46":{"start":{"line":132,"column":21},"end":{"line":140,"column":6}},"47":{"start":{"line":142,"column":16},"end":{"line":142,"column":51}},"48":{"start":{"line":144,"column":4},"end":{"line":148,"column":5}},"49":{"start":{"line":145,"column":6},"end":{"line":145,"column":31}},"50":{"start":{"line":147,"column":6},"end":{"line":147,"column":52}},"51":{"start":{"line":150,"column":4},"end":{"line":152,"column":5}},"52":{"start":{"line":151,"column":6},"end":{"line":151,"column":72}},"53":{"start":{"line":154,"column":4},"end":{"line":154,"column":47}},"54":{"start":{"line":157,"column":2},"end":{"line":157,"column":48}},"55":{"start":{"line":160,"column":0},"end":{"line":160,"column":58}}},"fnMap":{"0":{"name":"formatTranscriptionForPrompt","decl":{"start":{"line":38,"column":9},"end":{"line":38,"column":37}},"loc":{"start":{"line":38,"column":68},"end":{"line":65,"column":1}},"line":38},"1":{"name":"(anonymous_1)","decl":{"start":{"line":45,"column":18},"end":{"line":45,"column":19}},"loc":{"start":{"line":45,"column":26},"end":{"line":54,"column":5}},"line":45},"2":{"name":"estimateTokens","decl":{"start":{"line":70,"column":9},"end":{"line":70,"column":23}},"loc":{"start":{"line":70,"column":30},"end":{"line":72,"column":1}},"line":70},"3":{"name":"chunkTranscription","decl":{"start":{"line":77,"column":9},"end":{"line":77,"column":27}},"loc":{"start":{"line":77,"column":60},"end":{"line":99,"column":1}},"line":77},"4":{"name":"(anonymous_4)","decl":{"start":{"line":91,"column":37},"end":{"line":91,"column":38}},"loc":{"start":{"line":91,"column":42},"end":{"line":91,"column":48}},"line":91},"5":{"name":"(anonymous_5)","decl":{"start":{"line":92,"column":37},"end":{"line":92,"column":38}},"loc":{"start":{"line":92,"column":42},"end":{"line":92,"column":48}},"line":92},"6":{"name":"deduplicateSuggestions","decl":{"start":{"line":104,"column":9},"end":{"line":104,"column":31}},"loc":{"start":{"line":104,"column":45},"end":{"line":113,"column":1}},"line":104},"7":{"name":"(anonymous_7)","decl":{"start":{"line":106,"column":28},"end":{"line":106,"column":29}},"loc":{"start":{"line":106,"column":33},"end":{"line":112,"column":3}},"line":106},"8":{"name":"(anonymous_8)","decl":{"start":{"line":108,"column":6},"end":{"line":108,"column":7}},"loc":{"start":{"line":108,"column":18},"end":{"line":108,"column":94}},"line":108},"9":{"name":"analyzeTranscription","decl":{"start":{"line":118,"column":15},"end":{"line":118,"column":35}},"loc":{"start":{"line":118,"column":79},"end":{"line":158,"column":1}},"line":118}},"branchMap":{"0":{"loc":{"start":{"line":43,"column":2},"end":{"line":57,"column":3}},"type":"if","locations":[{"start":{"line":43,"column":2},"end":{"line":57,"column":3}},{"start":{"line":55,"column":9},"end":{"line":57,"column":3}}],"line":43},"1":{"loc":{"start":{"line":43,"column":6},"end":{"line":43,"column":46}},"type":"binary-expr","locations":[{"start":{"line":43,"column":6},"end":{"line":43,"column":26}},{"start":{"line":43,"column":30},"end":{"line":43,"column":46}}],"line":43},"2":{"loc":{"start":{"line":47,"column":6},"end":{"line":52,"column":7}},"type":"if","locations":[{"start":{"line":47,"column":6},"end":{"line":52,"column":7}},{"start":{},"end":{}}],"line":47},"3":{"loc":{"start":{"line":77,"column":41},"end":{"line":77,"column":58}},"type":"default-arg","locations":[{"start":{"line":77,"column":53},"end":{"line":77,"column":58}}],"line":77},"4":{"loc":{"start":{"line":80,"column":2},"end":{"line":82,"column":3}},"type":"if","locations":[{"start":{"line":80,"column":2},"end":{"line":82,"column":3}},{"start":{},"end":{}}],"line":80},"5":{"loc":{"start":{"line":108,"column":18},"end":{"line":108,"column":94}},"type":"binary-expr","locations":[{"start":{"line":108,"column":18},"end":{"line":108,"column":66}},{"start":{"line":108,"column":70},"end":{"line":108,"column":94}}],"line":108},"6":{"loc":{"start":{"line":110,"column":4},"end":{"line":110,"column":35}},"type":"if","locations":[{"start":{"line":110,"column":4},"end":{"line":110,"column":35}},{"start":{},"end":{}}],"line":110},"7":{"loc":{"start":{"line":119,"column":2},"end":{"line":121,"column":3}},"type":"if","locations":[{"start":{"line":119,"column":2},"end":{"line":121,"column":3}},{"start":{},"end":{}}],"line":119},"8":{"loc":{"start":{"line":124,"column":55},"end":{"line":124,"column":66}},"type":"binary-expr","locations":[{"start":{"line":124,"column":55},"end":{"line":124,"column":60}},{"start":{"line":124,"column":64},"end":{"line":124,"column":66}}],"line":124},"9":{"loc":{"start":{"line":130,"column":27},"end":{"line":130,"column":71}},"type":"binary-expr","locations":[{"start":{"line":130,"column":27},"end":{"line":130,"column":63}},{"start":{"line":130,"column":67},"end":{"line":130,"column":71}}],"line":130},"10":{"loc":{"start":{"line":137,"column":35},"end":{"line":137,"column":66}},"type":"binary-expr","locations":[{"start":{"line":137,"column":35},"end":{"line":137,"column":49}},{"start":{"line":137,"column":53},"end":{"line":137,"column":66}}],"line":137},"11":{"loc":{"start":{"line":150,"column":4},"end":{"line":152,"column":5}},"type":"if","locations":[{"start":{"line":150,"column":4},"end":{"line":152,"column":5}},{"start":{},"end":{}}],"line":150}},"s":{"0":5,"1":5,"2":5,"3":6,"4":6,"5":6,"6":1,"7":1,"8":5,"9":5,"10":2,"11":2,"12":2,"13":2,"14":5,"15":5,"16":6,"17":9,"18":6,"19":6,"20":6,"21":0,"22":0,"23":0,"24":0,"25":0,"26":0,"27":0,"28":0,"29":0,"30":0,"31":4,"32":4,"33":6,"34":3,"35":6,"36":5,"37":6,"38":7,"39":1,"40":6,"41":6,"42":6,"43":6,"44":6,"45":6,"46":6,"47":6,"48":6,"49":6,"50":1,"51":5,"52":1,"53":4,"54":4,"55":5},"f":{"0":6,"1":5,"2":9,"3":6,"4":0,"5":0,"6":4,"7":6,"8":3,"9":7},"b":{"0":[1,5],"1":[6,6],"2":[2,3],"3":[6],"4":[6,0],"5":[3,1],"6":[5,1],"7":[1,6],"8":[6,1],"9":[6,6],"10":[6,6],"11":[1,4]},"_coverageSchema":"1a1c01bbd47fc00a2c39e90264f33305004495a9","hash":"87d55e3ad18b89ccbe733d9f6bd477448bdbec9d"}
,"C:\\Users\\felip\\clip-factory\\src\\modules\\downloader\\job.service.js": {"path":"C:\\Users\\felip\\clip-factory\\src\\modules\\downloader\\job.service.js","statementMap":{"0":{"start":{"line":1,"column":18},"end":{"line":1,"column":48}},"1":{"start":{"line":2,"column":85},"end":{"line":2,"column":104}},"2":{"start":{"line":3,"column":11},"end":{"line":3,"column":24}},"3":{"start":{"line":4,"column":13},"end":{"line":4,"column":28}},"4":{"start":{"line":5,"column":15},"end":{"line":5,"column":76}},"5":{"start":{"line":7,"column":17},"end":{"line":7,"column":48}},"6":{"start":{"line":13,"column":2},"end":{"line":15,"column":3}},"7":{"start":{"line":14,"column":4},"end":{"line":14,"column":104}},"8":{"start":{"line":18,"column":17},"end":{"line":21,"column":3}},"9":{"start":{"line":22,"column":14},"end":{"line":22,"column":28}},"10":{"start":{"line":25,"column":2},"end":{"line":27,"column":3}},"11":{"start":{"line":26,"column":4},"end":{"line":26,"column":48}},"12":{"start":{"line":30,"column":2},"end":{"line":32,"column":5}},"13":{"start":{"line":31,"column":4},"end":{"line":31,"column":66}},"14":{"start":{"line":34,"column":2},"end":{"line":34,"column":13}},"15":{"start":{"line":41,"column":2},"end":{"line":78,"column":3}},"16":{"start":{"line":43,"column":4},"end":{"line":43,"column":48}},"17":{"start":{"line":44,"column":17},"end":{"line":44,"column":44}},"18":{"start":{"line":47,"column":4},"end":{"line":49,"column":5}},"19":{"start":{"line":48,"column":6},"end":{"line":48,"column":108}},"20":{"start":{"line":52,"column":4},"end":{"line":56,"column":6}},"21":{"start":{"line":59,"column":21},"end":{"line":59,"column":52}},"22":{"start":{"line":62,"column":4},"end":{"line":65,"column":6}},"23":{"start":{"line":67,"column":4},"end":{"line":67,"column":93}},"24":{"start":{"line":70,"column":37},"end":{"line":70,"column":60}},"25":{"start":{"line":71,"column":4},"end":{"line":71,"column":38}},"26":{"start":{"line":73,"column":4},"end":{"line":76,"column":6}},"27":{"start":{"line":77,"column":4},"end":{"line":77,"column":14}},"28":{"start":{"line":82,"column":2},"end":{"line":85,"column":4}},"29":{"start":{"line":89,"column":17},"end":{"line":89,"column":71}},"30":{"start":{"line":90,"column":2},"end":{"line":90,"column":32}},"31":{"start":{"line":94,"column":17},"end":{"line":94,"column":84}},"32":{"start":{"line":95,"column":2},"end":{"line":95,"column":21}},"33":{"start":{"line":102,"column":16},"end":{"line":102,"column":71}},"34":{"start":{"line":103,"column":23},"end":{"line":103,"column":45}},"35":{"start":{"line":105,"column":17},"end":{"line":109,"column":3}},"36":{"start":{"line":111,"column":14},"end":{"line":111,"column":28}},"37":{"start":{"line":112,"column":2},"end":{"line":112,"column":89}},"38":{"start":{"line":115,"column":35},"end":{"line":115,"column":58}},"39":{"start":{"line":116,"column":2},"end":{"line":116,"column":37}},"40":{"start":{"line":118,"column":2},"end":{"line":118,"column":13}},"41":{"start":{"line":121,"column":0},"end":{"line":121,"column":68}}},"fnMap":{"0":{"name":"createJob","decl":{"start":{"line":12,"column":15},"end":{"line":12,"column":24}},"loc":{"start":{"line":12,"column":30},"end":{"line":35,"column":1}},"line":12},"1":{"name":"(anonymous_1)","decl":{"start":{"line":30,"column":32},"end":{"line":30,"column":33}},"loc":{"start":{"line":30,"column":39},"end":{"line":32,"column":3}},"line":30},"2":{"name":"processJob","decl":{"start":{"line":40,"column":15},"end":{"line":40,"column":25}},"loc":{"start":{"line":40,"column":38},"end":{"line":79,"column":1}},"line":40},"3":{"name":"updateJobStatus","decl":{"start":{"line":81,"column":15},"end":{"line":81,"column":30}},"loc":{"start":{"line":81,"column":46},"end":{"line":86,"column":1}},"line":81},"4":{"name":"getJob","decl":{"start":{"line":88,"column":15},"end":{"line":88,"column":21}},"loc":{"start":{"line":88,"column":29},"end":{"line":91,"column":1}},"line":88},"5":{"name":"listJobs","decl":{"start":{"line":93,"column":15},"end":{"line":93,"column":23}},"loc":{"start":{"line":93,"column":26},"end":{"line":96,"column":1}},"line":93},"6":{"name":"createJobFromFile","decl":{"start":{"line":101,"column":15},"end":{"line":101,"column":32}},"loc":{"start":{"line":101,"column":57},"end":{"line":119,"column":1}},"line":101}},"branchMap":{"0":{"loc":{"start":{"line":7,"column":17},"end":{"line":7,"column":48}},"type":"binary-expr","locations":[{"start":{"line":7,"column":17},"end":{"line":7,"column":37}},{"start":{"line":7,"column":41},"end":{"line":7,"column":48}}],"line":7},"1":{"loc":{"start":{"line":13,"column":2},"end":{"line":15,"column":3}},"type":"if","locations":[{"start":{"line":13,"column":2},"end":{"line":15,"column":3}},{"start":{},"end":{}}],"line":13},"2":{"loc":{"start":{"line":25,"column":2},"end":{"line":27,"column":3}},"type":"if","locations":[{"start":{"line":25,"column":2},"end":{"line":27,"column":3}},{"start":{},"end":{}}],"line":25},"3":{"loc":{"start":{"line":47,"column":4},"end":{"line":49,"column":5}},"type":"if","locations":[{"start":{"line":47,"column":4},"end":{"line":49,"column":5}},{"start":{},"end":{}}],"line":47},"4":{"loc":{"start":{"line":90,"column":9},"end":{"line":90,"column":31}},"type":"binary-expr","locations":[{"start":{"line":90,"column":9},"end":{"line":90,"column":23}},{"start":{"line":90,"column":27},"end":{"line":90,"column":31}}],"line":90}},"s":{"0":5,"1":5,"2":5,"3":5,"4":5,"5":5,"6":6,"7":5,"8":1,"9":1,"10":1,"11":0,"12":1,"13":0,"14":1,"15":1,"16":1,"17":1,"18":1,"19":0,"20":1,"21":1,"22":1,"23":1,"24":1,"25":1,"26":0,"27":0,"28":1,"29":2,"30":2,"31":2,"32":2,"33":1,"34":1,"35":1,"36":1,"37":1,"38":1,"39":1,"40":1,"41":5},"f":{"0":6,"1":0,"2":1,"3":1,"4":2,"5":2,"6":1},"b":{"0":[5,5],"1":[5,1],"2":[0,1],"3":[0,1],"4":[2,1]},"_coverageSchema":"1a1c01bbd47fc00a2c39e90264f33305004495a9","hash":"48c4034c89c7743cdd753228fea21b7f54df5bef"}
,"C:\\Users\\felip\\clip-factory\\src\\modules\\editor\\editor.service.js": {"path":"C:\\Users\\felip\\clip-factory\\src\\modules\\editor\\editor.service.js","statementMap":{"0":{"start":{"line":1,"column":15},"end":{"line":1,"column":33}},"1":{"start":{"line":2,"column":11},"end":{"line":2,"column":24}},"2":{"start":{"line":3,"column":13},"end":{"line":3,"column":28}},"3":{"start":{"line":4,"column":18},"end":{"line":4,"column":48}},"4":{"start":{"line":5,"column":20},"end":{"line":5,"column":47}},"5":{"start":{"line":7,"column":17},"end":{"line":7,"column":62}},"6":{"start":{"line":13,"column":19},"end":{"line":13,"column":40}},"7":{"start":{"line":14,"column":17},"end":{"line":14,"column":26}},"8":{"start":{"line":15,"column":12},"end":{"line":15,"column":39}},"9":{"start":{"line":16,"column":12},"end":{"line":16,"column":46}},"10":{"start":{"line":17,"column":12},"end":{"line":17,"column":25}},"11":{"start":{"line":18,"column":2},"end":{"line":18,"column":132}},"12":{"start":{"line":25,"column":22},"end":{"line":25,"column":41}},"13":{"start":{"line":26,"column":22},"end":{"line":26,"column":39}},"14":{"start":{"line":29,"column":20},"end":{"line":31,"column":89}},"15":{"start":{"line":30,"column":17},"end":{"line":30,"column":61}},"16":{"start":{"line":31,"column":15},"end":{"line":31,"column":87}},"17":{"start":{"line":33,"column":2},"end":{"line":33,"column":37}},"18":{"start":{"line":33,"column":25},"end":{"line":33,"column":37}},"19":{"start":{"line":36,"column":16},"end":{"line":36,"column":18}},"20":{"start":{"line":37,"column":14},"end":{"line":37,"column":16}},"21":{"start":{"line":38,"column":19},"end":{"line":38,"column":37}},"22":{"start":{"line":40,"column":2},"end":{"line":50,"column":5}},"23":{"start":{"line":41,"column":4},"end":{"line":41,"column":18}},"24":{"start":{"line":42,"column":26},"end":{"line":42,"column":44}},"25":{"start":{"line":43,"column":19},"end":{"line":43,"column":45}},"26":{"start":{"line":45,"column":4},"end":{"line":49,"column":5}},"27":{"start":{"line":46,"column":6},"end":{"line":46,"column":92}},"28":{"start":{"line":46,"column":71},"end":{"line":46,"column":77}},"29":{"start":{"line":47,"column":6},"end":{"line":47,"column":17}},"30":{"start":{"line":48,"column":6},"end":{"line":48,"column":55}},"31":{"start":{"line":48,"column":19},"end":{"line":48,"column":55}},"32":{"start":{"line":52,"column":14},"end":{"line":54,"column":14}},"33":{"start":{"line":53,"column":4},"end":{"line":53,"column":70}},"34":{"start":{"line":56,"column":2},"end":{"line":56,"column":44}},"35":{"start":{"line":57,"column":2},"end":{"line":57,"column":20}},"36":{"start":{"line":61,"column":14},"end":{"line":61,"column":23}},"37":{"start":{"line":68,"column":20},"end":{"line":74,"column":3}},"38":{"start":{"line":75,"column":21},"end":{"line":75,"column":38}},"39":{"start":{"line":77,"column":2},"end":{"line":79,"column":3}},"40":{"start":{"line":78,"column":4},"end":{"line":78,"column":63}},"41":{"start":{"line":80,"column":2},"end":{"line":82,"column":3}},"42":{"start":{"line":81,"column":4},"end":{"line":81,"column":97}},"43":{"start":{"line":83,"column":2},"end":{"line":85,"column":3}},"44":{"start":{"line":84,"column":4},"end":{"line":84,"column":73}},"45":{"start":{"line":88,"column":19},"end":{"line":91,"column":3}},"46":{"start":{"line":92,"column":16},"end":{"line":92,"column":45}},"47":{"start":{"line":95,"column":21},"end":{"line":99,"column":3}},"48":{"start":{"line":100,"column":15},"end":{"line":100,"column":33}},"49":{"start":{"line":103,"column":18},"end":{"line":106,"column":10}},"50":{"start":{"line":108,"column":18},"end":{"line":108,"column":28}},"51":{"start":{"line":110,"column":2},"end":{"line":144,"column":3}},"52":{"start":{"line":112,"column":21},"end":{"line":122,"column":5}},"53":{"start":{"line":113,"column":6},"end":{"line":121,"column":7}},"54":{"start":{"line":124,"column":23},"end":{"line":124,"column":43}},"55":{"start":{"line":125,"column":4},"end":{"line":125,"column":163}},"56":{"start":{"line":128,"column":4},"end":{"line":128,"column":66}},"57":{"start":{"line":128,"column":43},"end":{"line":128,"column":66}},"58":{"start":{"line":131,"column":4},"end":{"line":134,"column":6}},"59":{"start":{"line":136,"column":4},"end":{"line":136,"column":86}},"60":{"start":{"line":138,"column":4},"end":{"line":138,"column":66}},"61":{"start":{"line":138,"column":43},"end":{"line":138,"column":66}},"62":{"start":{"line":139,"column":4},"end":{"line":142,"column":6}},"63":{"start":{"line":143,"column":4},"end":{"line":143,"column":14}},"64":{"start":{"line":148,"column":17},"end":{"line":148,"column":73}},"65":{"start":{"line":149,"column":2},"end":{"line":149,"column":32}},"66":{"start":{"line":152,"column":0},"end":{"line":152,"column":42}}},"fnMap":{"0":{"name":"msToSrt","decl":{"start":{"line":12,"column":9},"end":{"line":12,"column":16}},"loc":{"start":{"line":12,"column":21},"end":{"line":19,"column":1}},"line":12},"1":{"name":"generateSRT","decl":{"start":{"line":24,"column":9},"end":{"line":24,"column":20}},"loc":{"start":{"line":24,"column":66},"end":{"line":58,"column":1}},"line":24},"2":{"name":"(anonymous_2)","decl":{"start":{"line":30,"column":12},"end":{"line":30,"column":13}},"loc":{"start":{"line":30,"column":17},"end":{"line":30,"column":61}},"line":30},"3":{"name":"(anonymous_3)","decl":{"start":{"line":31,"column":9},"end":{"line":31,"column":10}},"loc":{"start":{"line":31,"column":15},"end":{"line":31,"column":87}},"line":31},"4":{"name":"(anonymous_4)","decl":{"start":{"line":40,"column":20},"end":{"line":40,"column":21}},"loc":{"start":{"line":40,"column":30},"end":{"line":50,"column":3}},"line":40},"5":{"name":"(anonymous_5)","decl":{"start":{"line":46,"column":66},"end":{"line":46,"column":67}},"loc":{"start":{"line":46,"column":71},"end":{"line":46,"column":77}},"line":46},"6":{"name":"(anonymous_6)","decl":{"start":{"line":52,"column":24},"end":{"line":52,"column":25}},"loc":{"start":{"line":53,"column":4},"end":{"line":53,"column":70}},"line":53},"7":{"name":"processClip","decl":{"start":{"line":66,"column":15},"end":{"line":66,"column":26}},"loc":{"start":{"line":66,"column":41},"end":{"line":145,"column":1}},"line":66},"8":{"name":"(anonymous_8)","decl":{"start":{"line":112,"column":33},"end":{"line":112,"column":34}},"loc":{"start":{"line":113,"column":6},"end":{"line":121,"column":7}},"line":113},"9":{"name":"getClip","decl":{"start":{"line":147,"column":15},"end":{"line":147,"column":22}},"loc":{"start":{"line":147,"column":31},"end":{"line":150,"column":1}},"line":147}},"branchMap":{"0":{"loc":{"start":{"line":7,"column":30},"end":{"line":7,"column":61}},"type":"binary-expr","locations":[{"start":{"line":7,"column":30},"end":{"line":7,"column":50}},{"start":{"line":7,"column":54},"end":{"line":7,"column":61}}],"line":7},"1":{"loc":{"start":{"line":30,"column":17},"end":{"line":30,"column":61}},"type":"binary-expr","locations":[{"start":{"line":30,"column":17},"end":{"line":30,"column":39}},{"start":{"line":30,"column":43},"end":{"line":30,"column":61}}],"line":30},"2":{"loc":{"start":{"line":33,"column":2},"end":{"line":33,"column":37}},"type":"if","locations":[{"start":{"line":33,"column":2},"end":{"line":33,"column":37}},{"start":{},"end":{}}],"line":33},"3":{"loc":{"start":{"line":45,"column":4},"end":{"line":49,"column":5}},"type":"if","locations":[{"start":{"line":45,"column":4},"end":{"line":49,"column":5}},{"start":{},"end":{}}],"line":45},"4":{"loc":{"start":{"line":45,"column":8},"end":{"line":45,"column":60}},"type":"binary-expr","locations":[{"start":{"line":45,"column":8},"end":{"line":45,"column":25}},{"start":{"line":45,"column":29},"end":{"line":45,"column":50}},{"start":{"line":45,"column":54},"end":{"line":45,"column":60}}],"line":45},"5":{"loc":{"start":{"line":48,"column":6},"end":{"line":48,"column":55}},"type":"if","locations":[{"start":{"line":48,"column":6},"end":{"line":48,"column":55}},{"start":{},"end":{}}],"line":48},"6":{"loc":{"start":{"line":77,"column":2},"end":{"line":79,"column":3}},"type":"if","locations":[{"start":{"line":77,"column":2},"end":{"line":79,"column":3}},{"start":{},"end":{}}],"line":77},"7":{"loc":{"start":{"line":80,"column":2},"end":{"line":82,"column":3}},"type":"if","locations":[{"start":{"line":80,"column":2},"end":{"line":82,"column":3}},{"start":{},"end":{}}],"line":80},"8":{"loc":{"start":{"line":83,"column":2},"end":{"line":85,"column":3}},"type":"if","locations":[{"start":{"line":83,"column":2},"end":{"line":85,"column":3}},{"start":{},"end":{}}],"line":83},"9":{"loc":{"start":{"line":92,"column":16},"end":{"line":92,"column":45}},"type":"binary-expr","locations":[{"start":{"line":92,"column":16},"end":{"line":92,"column":39}},{"start":{"line":92,"column":43},"end":{"line":92,"column":45}}],"line":92},"10":{"loc":{"start":{"line":103,"column":18},"end":{"line":106,"column":10}},"type":"cond-expr","locations":[{"start":{"line":104,"column":6},"end":{"line":105,"column":51}},{"start":{"line":106,"column":6},"end":{"line":106,"column":10}}],"line":103},"11":{"loc":{"start":{"line":128,"column":4},"end":{"line":128,"column":66}},"type":"if","locations":[{"start":{"line":128,"column":4},"end":{"line":128,"column":66}},{"start":{},"end":{}}],"line":128},"12":{"loc":{"start":{"line":128,"column":8},"end":{"line":128,"column":41}},"type":"binary-expr","locations":[{"start":{"line":128,"column":8},"end":{"line":128,"column":15}},{"start":{"line":128,"column":19},"end":{"line":128,"column":41}}],"line":128},"13":{"loc":{"start":{"line":138,"column":4},"end":{"line":138,"column":66}},"type":"if","locations":[{"start":{"line":138,"column":4},"end":{"line":138,"column":66}},{"start":{},"end":{}}],"line":138},"14":{"loc":{"start":{"line":138,"column":8},"end":{"line":138,"column":41}},"type":"binary-expr","locations":[{"start":{"line":138,"column":8},"end":{"line":138,"column":15}},{"start":{"line":138,"column":19},"end":{"line":138,"column":41}}],"line":138},"15":{"loc":{"start":{"line":149,"column":9},"end":{"line":149,"column":31}},"type":"binary-expr","locations":[{"start":{"line":149,"column":9},"end":{"line":149,"column":23}},{"start":{"line":149,"column":27},"end":{"line":149,"column":31}}],"line":149}},"s":{"0":6,"1":6,"2":6,"3":6,"4":6,"5":6,"6":2,"7":2,"8":2,"9":2,"10":2,"11":2,"12":2,"13":2,"14":2,"15":5,"16":3,"17":2,"18":1,"19":1,"20":1,"21":1,"22":1,"23":3,"24":3,"25":3,"26":3,"27":1,"28":3,"29":1,"30":1,"31":0,"32":1,"33":1,"34":1,"35":1,"36":6,"37":7,"38":7,"39":7,"40":1,"41":6,"42":1,"43":5,"44":1,"45":4,"46":4,"47":4,"48":4,"49":4,"50":4,"51":4,"52":4,"53":4,"54":3,"55":3,"56":3,"57":1,"58":3,"59":3,"60":1,"61":0,"62":1,"63":1,"64":2,"65":2,"66":6},"f":{"0":2,"1":2,"2":5,"3":3,"4":3,"5":3,"6":1,"7":7,"8":4,"9":2},"b":{"0":[6,6],"1":[5,4],"2":[1,1],"3":[1,2],"4":[3,3,3],"5":[0,1],"6":[1,6],"7":[1,5],"8":[1,4],"9":[4,2],"10":[2,2],"11":[1,2],"12":[3,1],"13":[0,1],"14":[1,0],"15":[2,1]},"_coverageSchema":"1a1c01bbd47fc00a2c39e90264f33305004495a9","hash":"faf57f435d658ff941b8b0b9efef3f12ec7312e7"}
,"C:\\Users\\felip\\clip-factory\\src\\modules\\transcriber\\assemblyai.service.js": {"path":"C:\\Users\\felip\\clip-factory\\src\\modules\\transcriber\\assemblyai.service.js","statementMap":{"0":{"start":{"line":1,"column":23},"end":{"line":1,"column":44}},"1":{"start":{"line":3,"column":30},"end":{"line":10,"column":1}},"2":{"start":{"line":17,"column":2},"end":{"line":19,"column":3}},"3":{"start":{"line":18,"column":4},"end":{"line":18,"column":58}},"4":{"start":{"line":21,"column":17},"end":{"line":21,"column":75}},"5":{"start":{"line":23,"column":21},"end":{"line":27,"column":4}},"6":{"start":{"line":29,"column":2},"end":{"line":31,"column":3}},"7":{"start":{"line":30,"column":4},"end":{"line":30,"column":60}},"8":{"start":{"line":33,"column":2},"end":{"line":37,"column":4}},"9":{"start":{"line":40,"column":0},"end":{"line":40,"column":37}}},"fnMap":{"0":{"name":"transcribeAudio","decl":{"start":{"line":16,"column":15},"end":{"line":16,"column":30}},"loc":{"start":{"line":16,"column":42},"end":{"line":38,"column":1}},"line":16}},"branchMap":{"0":{"loc":{"start":{"line":17,"column":2},"end":{"line":19,"column":3}},"type":"if","locations":[{"start":{"line":17,"column":2},"end":{"line":19,"column":3}},{"start":{},"end":{}}],"line":17},"1":{"loc":{"start":{"line":25,"column":19},"end":{"line":25,"column":61}},"type":"binary-expr","locations":[{"start":{"line":25,"column":19},"end":{"line":25,"column":53}},{"start":{"line":25,"column":57},"end":{"line":25,"column":61}}],"line":25},"2":{"loc":{"start":{"line":29,"column":2},"end":{"line":31,"column":3}},"type":"if","locations":[{"start":{"line":29,"column":2},"end":{"line":31,"column":3}},{"start":{},"end":{}}],"line":29}},"s":{"0":4,"1":4,"2":4,"3":1,"4":3,"5":3,"6":3,"7":1,"8":2,"9":4},"f":{"0":4},"b":{"0":[1,3],"1":[3,2],"2":[1,2]},"_coverageSchema":"1a1c01bbd47fc00a2c39e90264f33305004495a9","hash":"9042346ee72f49e0e88e2f46d0aba4bbfd054c46"}
,"C:\\Users\\felip\\clip-factory\\src\\modules\\transcriber\\transcription.service.js": {"path":"C:\\Users\\felip\\clip-factory\\src\\modules\\transcriber\\transcription.service.js","statementMap":{"0":{"start":{"line":1,"column":18},"end":{"line":1,"column":48}},"1":{"start":{"line":2,"column":39},"end":{"line":2,"column":67}},"2":{"start":{"line":3,"column":28},"end":{"line":3,"column":59}},"3":{"start":{"line":4,"column":15},"end":{"line":4,"column":77}},"4":{"start":{"line":6,"column":33},"end":{"line":6,"column":37}},"5":{"start":{"line":13,"column":20},"end":{"line":13,"column":74}},"6":{"start":{"line":14,"column":14},"end":{"line":14,"column":31}},"7":{"start":{"line":16,"column":2},"end":{"line":18,"column":3}},"8":{"start":{"line":17,"column":4},"end":{"line":17,"column":92}},"9":{"start":{"line":20,"column":2},"end":{"line":22,"column":3}},"10":{"start":{"line":21,"column":4},"end":{"line":21,"column":61}},"11":{"start":{"line":25,"column":2},"end":{"line":25,"column":94}},"12":{"start":{"line":27,"column":18},"end":{"line":27,"column":22}},"13":{"start":{"line":28,"column":2},"end":{"line":73,"column":3}},"14":{"start":{"line":30,"column":4},"end":{"line":30,"column":57}},"15":{"start":{"line":33,"column":19},"end":{"line":33,"column":51}},"16":{"start":{"line":36,"column":26},"end":{"line":36,"column":85}},"17":{"start":{"line":37,"column":26},"end":{"line":37,"column":91}},"18":{"start":{"line":38,"column":4},"end":{"line":38,"column":134}},"19":{"start":{"line":41,"column":4},"end":{"line":51,"column":6}},"20":{"start":{"line":54,"column":4},"end":{"line":54,"column":95}},"21":{"start":{"line":56,"column":4},"end":{"line":56,"column":74}},"22":{"start":{"line":59,"column":32},"end":{"line":59,"column":55}},"23":{"start":{"line":60,"column":4},"end":{"line":60,"column":33}},"24":{"start":{"line":62,"column":4},"end":{"line":62,"column":18}},"25":{"start":{"line":65,"column":4},"end":{"line":68,"column":22}},"26":{"start":{"line":69,"column":4},"end":{"line":69,"column":14}},"27":{"start":{"line":72,"column":4},"end":{"line":72,"column":43}},"28":{"start":{"line":72,"column":19},"end":{"line":72,"column":43}},"29":{"start":{"line":77,"column":17},"end":{"line":80,"column":3}},"30":{"start":{"line":81,"column":2},"end":{"line":81,"column":32}},"31":{"start":{"line":84,"column":0},"end":{"line":84,"column":60}}},"fnMap":{"0":{"name":"processTranscription","decl":{"start":{"line":11,"column":15},"end":{"line":11,"column":35}},"loc":{"start":{"line":11,"column":43},"end":{"line":74,"column":1}},"line":11},"1":{"name":"(anonymous_1)","decl":{"start":{"line":68,"column":12},"end":{"line":68,"column":13}},"loc":{"start":{"line":68,"column":18},"end":{"line":68,"column":20}},"line":68},"2":{"name":"getTranscription","decl":{"start":{"line":76,"column":15},"end":{"line":76,"column":31}},"loc":{"start":{"line":76,"column":39},"end":{"line":82,"column":1}},"line":76}},"branchMap":{"0":{"loc":{"start":{"line":16,"column":2},"end":{"line":18,"column":3}},"type":"if","locations":[{"start":{"line":16,"column":2},"end":{"line":18,"column":3}},{"start":{},"end":{}}],"line":16},"1":{"loc":{"start":{"line":16,"column":6},"end":{"line":16,"column":41}},"type":"binary-expr","locations":[{"start":{"line":16,"column":6},"end":{"line":16,"column":10}},{"start":{"line":16,"column":14},"end":{"line":16,"column":41}}],"line":16},"2":{"loc":{"start":{"line":20,"column":2},"end":{"line":22,"column":3}},"type":"if","locations":[{"start":{"line":20,"column":2},"end":{"line":22,"column":3}},{"start":{},"end":{}}],"line":20},"3":{"loc":{"start":{"line":36,"column":27},"end":{"line":36,"column":77}},"type":"binary-expr","locations":[{"start":{"line":36,"column":27},"end":{"line":36,"column":48}},{"start":{"line":36,"column":52},"end":{"line":36,"column":72}},{"start":{"line":36,"column":76},"end":{"line":36,"column":77}}],"line":36},"4":{"loc":{"start":{"line":47,"column":23},"end":{"line":47,"column":41}},"type":"binary-expr","locations":[{"start":{"line":47,"column":23},"end":{"line":47,"column":35}},{"start":{"line":47,"column":39},"end":{"line":47,"column":41}}],"line":47},"5":{"loc":{"start":{"line":48,"column":8},"end":{"line":48,"column":53}},"type":"binary-expr","locations":[{"start":{"line":48,"column":8},"end":{"line":48,"column":29}},{"start":{"line":48,"column":33},"end":{"line":48,"column":53}}],"line":48},"6":{"loc":{"start":{"line":72,"column":4},"end":{"line":72,"column":43}},"type":"if","locations":[{"start":{"line":72,"column":4},"end":{"line":72,"column":43}},{"start":{},"end":{}}],"line":72},"7":{"loc":{"start":{"line":81,"column":9},"end":{"line":81,"column":31}},"type":"binary-expr","locations":[{"start":{"line":81,"column":9},"end":{"line":81,"column":23}},{"start":{"line":81,"column":27},"end":{"line":81,"column":31}}],"line":81}},"s":{"0":4,"1":4,"2":4,"3":4,"4":4,"5":3,"6":3,"7":3,"8":1,"9":2,"10":1,"11":1,"12":1,"13":1,"14":1,"15":1,"16":1,"17":1,"18":1,"19":1,"20":1,"21":1,"22":1,"23":1,"24":1,"25":0,"26":0,"27":1,"28":1,"29":2,"30":2,"31":4},"f":{"0":3,"1":0,"2":2},"b":{"0":[1,2],"1":[3,3],"2":[1,1],"3":[1,0,0],"4":[1,0],"5":[1,0],"6":[1,0],"7":[2,1]},"_coverageSchema":"1a1c01bbd47fc00a2c39e90264f33305004495a9","hash":"bab5da99633679ae7c4e5d02e86088c503674283"}
,"C:\\Users\\felip\\clip-factory\\src\\modules\\uploader\\uploader.service.js": {"path":"C:\\Users\\felip\\clip-factory\\src\\modules\\uploader\\uploader.service.js","statementMap":{"0":{"start":{"line":3,"column":15},"end":{"line":3,"column":33}},"1":{"start":{"line":4,"column":18},"end":{"line":4,"column":48}},"2":{"start":{"line":5,"column":45},"end":{"line":5,"column":80}},"3":{"start":{"line":6,"column":28},"end":{"line":6,"column":61}},"4":{"start":{"line":7,"column":22},"end":{"line":7,"column":50}},"5":{"start":{"line":10,"column":14},"end":{"line":10,"column":23}},"6":{"start":{"line":12,"column":28},"end":{"line":12,"column":29}},"7":{"start":{"line":19,"column":17},"end":{"line":25,"column":3}},"8":{"start":{"line":26,"column":17},"end":{"line":26,"column":31}},"9":{"start":{"line":28,"column":2},"end":{"line":28,"column":68}},"10":{"start":{"line":28,"column":15},"end":{"line":28,"column":68}},"11":{"start":{"line":29,"column":2},"end":{"line":29,"column":89}},"12":{"start":{"line":29,"column":34},"end":{"line":29,"column":89}},"13":{"start":{"line":30,"column":2},"end":{"line":30,"column":83}},"14":{"start":{"line":30,"column":25},"end":{"line":30,"column":83}},"15":{"start":{"line":33,"column":24},"end":{"line":33,"column":47}},"16":{"start":{"line":34,"column":2},"end":{"line":36,"column":3}},"17":{"start":{"line":35,"column":4},"end":{"line":35,"column":85}},"18":{"start":{"line":39,"column":2},"end":{"line":39,"column":79}},"19":{"start":{"line":41,"column":2},"end":{"line":90,"column":3}},"20":{"start":{"line":43,"column":34},"end":{"line":67,"column":5}},"21":{"start":{"line":44,"column":12},"end":{"line":52,"column":7}},"22":{"start":{"line":45,"column":8},"end":{"line":51,"column":9}},"23":{"start":{"line":57,"column":10},"end":{"line":60,"column":12}},"24":{"start":{"line":61,"column":10},"end":{"line":64,"column":12}},"25":{"start":{"line":70,"column":24},"end":{"line":70,"column":70}},"26":{"start":{"line":71,"column":4},"end":{"line":76,"column":6}},"27":{"start":{"line":79,"column":4},"end":{"line":79,"column":38}},"28":{"start":{"line":80,"column":4},"end":{"line":80,"column":81}},"29":{"start":{"line":82,"column":4},"end":{"line":82,"column":54}},"30":{"start":{"line":84,"column":26},"end":{"line":84,"column":79}},"31":{"start":{"line":85,"column":4},"end":{"line":88,"column":6}},"32":{"start":{"line":89,"column":4},"end":{"line":89,"column":14}},"33":{"start":{"line":97,"column":17},"end":{"line":97,"column":77}},"34":{"start":{"line":98,"column":17},"end":{"line":98,"column":31}},"35":{"start":{"line":100,"column":2},"end":{"line":100,"column":88}},"36":{"start":{"line":100,"column":15},"end":{"line":100,"column":88}},"37":{"start":{"line":101,"column":2},"end":{"line":106,"column":3}},"38":{"start":{"line":102,"column":4},"end":{"line":105,"column":6}},"39":{"start":{"line":109,"column":2},"end":{"line":112,"column":4}},"40":{"start":{"line":114,"column":2},"end":{"line":114,"column":33}},"41":{"start":{"line":118,"column":17},"end":{"line":118,"column":77}},"42":{"start":{"line":119,"column":2},"end":{"line":119,"column":32}},"43":{"start":{"line":123,"column":17},"end":{"line":123,"column":87}},"44":{"start":{"line":124,"column":2},"end":{"line":124,"column":21}},"45":{"start":{"line":127,"column":0},"end":{"line":127,"column":72}}},"fnMap":{"0":{"name":"processUpload","decl":{"start":{"line":17,"column":15},"end":{"line":17,"column":28}},"loc":{"start":{"line":17,"column":39},"end":{"line":91,"column":1}},"line":17},"1":{"name":"(anonymous_1)","decl":{"start":{"line":44,"column":6},"end":{"line":44,"column":7}},"loc":{"start":{"line":44,"column":12},"end":{"line":52,"column":7}},"line":44},"2":{"name":"(anonymous_2)","decl":{"start":{"line":44,"column":18},"end":{"line":44,"column":19}},"loc":{"start":{"line":45,"column":8},"end":{"line":51,"column":9}},"line":45},"3":{"name":"(anonymous_3)","decl":{"start":{"line":56,"column":17},"end":{"line":56,"column":18}},"loc":{"start":{"line":56,"column":62},"end":{"line":65,"column":9}},"line":56},"4":{"name":"retryUpload","decl":{"start":{"line":96,"column":15},"end":{"line":96,"column":26}},"loc":{"start":{"line":96,"column":37},"end":{"line":115,"column":1}},"line":96},"5":{"name":"getUpload","decl":{"start":{"line":117,"column":15},"end":{"line":117,"column":24}},"loc":{"start":{"line":117,"column":35},"end":{"line":120,"column":1}},"line":117},"6":{"name":"listUploads","decl":{"start":{"line":122,"column":15},"end":{"line":122,"column":26}},"loc":{"start":{"line":122,"column":29},"end":{"line":125,"column":1}},"line":122}},"branchMap":{"0":{"loc":{"start":{"line":28,"column":2},"end":{"line":28,"column":68}},"type":"if","locations":[{"start":{"line":28,"column":2},"end":{"line":28,"column":68}},{"start":{},"end":{}}],"line":28},"1":{"loc":{"start":{"line":29,"column":2},"end":{"line":29,"column":89}},"type":"if","locations":[{"start":{"line":29,"column":2},"end":{"line":29,"column":89}},{"start":{},"end":{}}],"line":29},"2":{"loc":{"start":{"line":30,"column":2},"end":{"line":30,"column":83}},"type":"if","locations":[{"start":{"line":30,"column":2},"end":{"line":30,"column":83}},{"start":{},"end":{}}],"line":30},"3":{"loc":{"start":{"line":34,"column":2},"end":{"line":36,"column":3}},"type":"if","locations":[{"start":{"line":34,"column":2},"end":{"line":36,"column":3}},{"start":{},"end":{}}],"line":34},"4":{"loc":{"start":{"line":70,"column":24},"end":{"line":70,"column":70}},"type":"cond-expr","locations":[{"start":{"line":70,"column":46},"end":{"line":70,"column":57}},{"start":{"line":70,"column":60},"end":{"line":70,"column":70}}],"line":70},"5":{"loc":{"start":{"line":84,"column":30},"end":{"line":84,"column":61}},"type":"binary-expr","locations":[{"start":{"line":84,"column":30},"end":{"line":84,"column":40}},{"start":{"line":84,"column":44},"end":{"line":84,"column":52}},{"start":{"line":84,"column":56},"end":{"line":84,"column":61}}],"line":84},"6":{"loc":{"start":{"line":100,"column":2},"end":{"line":100,"column":88}},"type":"if","locations":[{"start":{"line":100,"column":2},"end":{"line":100,"column":88}},{"start":{},"end":{}}],"line":100},"7":{"loc":{"start":{"line":101,"column":2},"end":{"line":106,"column":3}},"type":"if","locations":[{"start":{"line":101,"column":2},"end":{"line":106,"column":3}},{"start":{},"end":{}}],"line":101},"8":{"loc":{"start":{"line":119,"column":9},"end":{"line":119,"column":31}},"type":"binary-expr","locations":[{"start":{"line":119,"column":9},"end":{"line":119,"column":23}},{"start":{"line":119,"column":27},"end":{"line":119,"column":31}}],"line":119}},"s":{"0":5,"1":5,"2":5,"3":5,"4":5,"5":5,"6":5,"7":11,"8":11,"9":11,"10":2,"11":9,"12":2,"13":7,"14":1,"15":6,"16":6,"17":1,"18":5,"19":5,"20":5,"21":5,"22":5,"23":0,"24":0,"25":3,"26":3,"27":3,"28":3,"29":3,"30":2,"31":2,"32":2,"33":2,"34":2,"35":2,"36":1,"37":1,"38":1,"39":0,"40":0,"41":2,"42":2,"43":1,"44":1,"45":5},"f":{"0":11,"1":5,"2":5,"3":0,"4":2,"5":2,"6":1},"b":{"0":[2,9],"1":[2,7],"2":[1,6],"3":[1,5],"4":[1,2],"5":[2,1,1],"6":[1,1],"7":[1,0],"8":[2,1]},"_coverageSchema":"1a1c01bbd47fc00a2c39e90264f33305004495a9","hash":"84789fb07d27d6a79c125240c98b5d72b230314f"}
,"C:\\Users\\felip\\clip-factory\\src\\modules\\uploader\\youtube-auth.service.js": {"path":"C:\\Users\\felip\\clip-factory\\src\\modules\\uploader\\youtube-auth.service.js","statementMap":{"0":{"start":{"line":3,"column":19},"end":{"line":3,"column":40}},"1":{"start":{"line":4,"column":18},"end":{"line":4,"column":48}},"2":{"start":{"line":5,"column":39},"end":{"line":5,"column":68}},"3":{"start":{"line":8,"column":2},"end":{"line":12,"column":4}},"4":{"start":{"line":19,"column":17},"end":{"line":19,"column":36}},"5":{"start":{"line":20,"column":2},"end":{"line":24,"column":5}},"6":{"start":{"line":31,"column":17},"end":{"line":31,"column":36}},"7":{"start":{"line":32,"column":21},"end":{"line":32,"column":48}},"8":{"start":{"line":34,"column":2},"end":{"line":34,"column":27}},"9":{"start":{"line":35,"column":2},"end":{"line":35,"column":16}},"10":{"start":{"line":42,"column":20},"end":{"line":42,"column":76}},"11":{"start":{"line":44,"column":26},"end":{"line":44,"column":59}},"12":{"start":{"line":45,"column":27},"end":{"line":45,"column":91}},"13":{"start":{"line":47,"column":2},"end":{"line":57,"column":4}},"14":{"start":{"line":66,"column":17},"end":{"line":66,"column":83}},"15":{"start":{"line":67,"column":2},"end":{"line":69,"column":3}},"16":{"start":{"line":68,"column":4},"end":{"line":68,"column":85}},"17":{"start":{"line":71,"column":19},"end":{"line":71,"column":33}},"18":{"start":{"line":73,"column":2},"end":{"line":77,"column":3}},"19":{"start":{"line":74,"column":4},"end":{"line":76,"column":6}},"20":{"start":{"line":80,"column":22},"end":{"line":80,"column":57}},"21":{"start":{"line":81,"column":23},"end":{"line":81,"column":91}},"22":{"start":{"line":83,"column":17},"end":{"line":83,"column":36}},"23":{"start":{"line":84,"column":2},"end":{"line":88,"column":5}},"24":{"start":{"line":91,"column":20},"end":{"line":91,"column":85}},"25":{"start":{"line":92,"column":25},"end":{"line":92,"column":63}},"26":{"start":{"line":94,"column":2},"end":{"line":114,"column":3}},"27":{"start":{"line":95,"column":4},"end":{"line":113,"column":5}},"28":{"start":{"line":96,"column":30},"end":{"line":96,"column":63}},"29":{"start":{"line":97,"column":6},"end":{"line":97,"column":36}},"30":{"start":{"line":98,"column":6},"end":{"line":104,"column":9}},"31":{"start":{"line":106,"column":6},"end":{"line":108,"column":8}},"32":{"start":{"line":109,"column":6},"end":{"line":112,"column":8}},"33":{"start":{"line":116,"column":2},"end":{"line":116,"column":16}},"34":{"start":{"line":123,"column":17},"end":{"line":125,"column":3}},"35":{"start":{"line":126,"column":2},"end":{"line":126,"column":32}},"36":{"start":{"line":129,"column":0},"end":{"line":129,"column":108}}},"fnMap":{"0":{"name":"createOAuthClient","decl":{"start":{"line":7,"column":9},"end":{"line":7,"column":26}},"loc":{"start":{"line":7,"column":29},"end":{"line":13,"column":1}},"line":7},"1":{"name":"getAuthUrl","decl":{"start":{"line":18,"column":9},"end":{"line":18,"column":19}},"loc":{"start":{"line":18,"column":22},"end":{"line":25,"column":1}},"line":18},"2":{"name":"exchangeCodeForTokens","decl":{"start":{"line":30,"column":15},"end":{"line":30,"column":36}},"loc":{"start":{"line":30,"column":43},"end":{"line":36,"column":1}},"line":30},"3":{"name":"saveTokens","decl":{"start":{"line":41,"column":15},"end":{"line":41,"column":25}},"loc":{"start":{"line":41,"column":34},"end":{"line":58,"column":1}},"line":41},"4":{"name":"getAuthenticatedClient","decl":{"start":{"line":65,"column":15},"end":{"line":65,"column":37}},"loc":{"start":{"line":65,"column":40},"end":{"line":117,"column":1}},"line":65},"5":{"name":"isAuthenticated","decl":{"start":{"line":122,"column":15},"end":{"line":122,"column":30}},"loc":{"start":{"line":122,"column":33},"end":{"line":127,"column":1}},"line":122}},"branchMap":{"0":{"loc":{"start":{"line":42,"column":20},"end":{"line":42,"column":76}},"type":"cond-expr","locations":[{"start":{"line":42,"column":41},"end":{"line":42,"column":69}},{"start":{"line":42,"column":72},"end":{"line":42,"column":76}}],"line":42},"1":{"loc":{"start":{"line":45,"column":27},"end":{"line":45,"column":91}},"type":"cond-expr","locations":[{"start":{"line":45,"column":50},"end":{"line":45,"column":84}},{"start":{"line":45,"column":87},"end":{"line":45,"column":91}}],"line":45},"2":{"loc":{"start":{"line":67,"column":2},"end":{"line":69,"column":3}},"type":"if","locations":[{"start":{"line":67,"column":2},"end":{"line":69,"column":3}},{"start":{},"end":{}}],"line":67},"3":{"loc":{"start":{"line":73,"column":2},"end":{"line":77,"column":3}},"type":"if","locations":[{"start":{"line":73,"column":2},"end":{"line":77,"column":3}},{"start":{},"end":{}}],"line":73},"4":{"loc":{"start":{"line":81,"column":23},"end":{"line":81,"column":91}},"type":"cond-expr","locations":[{"start":{"line":81,"column":48},"end":{"line":81,"column":84}},{"start":{"line":81,"column":87},"end":{"line":81,"column":91}}],"line":81},"5":{"loc":{"start":{"line":87,"column":17},"end":{"line":87,"column":85}},"type":"cond-expr","locations":[{"start":{"line":87,"column":39},"end":{"line":87,"column":78}},{"start":{"line":87,"column":81},"end":{"line":87,"column":85}}],"line":87},"6":{"loc":{"start":{"line":91,"column":20},"end":{"line":91,"column":85}},"type":"cond-expr","locations":[{"start":{"line":91,"column":42},"end":{"line":91,"column":81}},{"start":{"line":91,"column":84},"end":{"line":91,"column":85}}],"line":91},"7":{"loc":{"start":{"line":94,"column":2},"end":{"line":114,"column":3}},"type":"if","locations":[{"start":{"line":94,"column":2},"end":{"line":114,"column":3}},{"start":{},"end":{}}],"line":94},"8":{"loc":{"start":{"line":94,"column":6},"end":{"line":94,"column":36}},"type":"binary-expr","locations":[{"start":{"line":94,"column":6},"end":{"line":94,"column":20}},{"start":{"line":94,"column":24},"end":{"line":94,"column":36}}],"line":94},"9":{"loc":{"start":{"line":100,"column":23},"end":{"line":102,"column":24}},"type":"cond-expr","locations":[{"start":{"line":101,"column":12},"end":{"line":101,"column":65}},{"start":{"line":102,"column":12},"end":{"line":102,"column":24}}],"line":100}},"s":{"0":5,"1":5,"2":5,"3":4,"4":1,"5":1,"6":1,"7":1,"8":1,"9":1,"10":4,"11":4,"12":4,"13":4,"14":4,"15":4,"16":1,"17":3,"18":3,"19":1,"20":2,"21":2,"22":2,"23":2,"24":2,"25":2,"26":2,"27":1,"28":1,"29":1,"30":1,"31":0,"32":0,"33":2,"34":2,"35":2,"36":5},"f":{"0":4,"1":1,"2":1,"3":4,"4":4,"5":2},"b":{"0":[3,1],"1":[2,2],"2":[1,3],"3":[1,2],"4":[2,0],"5":[2,0],"6":[2,0],"7":[1,1],"8":[2,1],"9":[0,1]},"_coverageSchema":"1a1c01bbd47fc00a2c39e90264f33305004495a9","hash":"87da215633d0ae6d99602a44b2a557260c7e96f7"}
,"C:\\Users\\felip\\clip-factory\\src\\modules\\uploader\\youtube-upload.service.js": {"path":"C:\\Users\\felip\\clip-factory\\src\\modules\\uploader\\youtube-upload.service.js","statementMap":{"0":{"start":{"line":1,"column":19},"end":{"line":1,"column":40}},"1":{"start":{"line":2,"column":11},"end":{"line":2,"column":24}},"2":{"start":{"line":3,"column":35},"end":{"line":3,"column":68}},"3":{"start":{"line":4,"column":15},"end":{"line":4,"column":74}},"4":{"start":{"line":6,"column":21},"end":{"line":6,"column":83}},"5":{"start":{"line":7,"column":31},"end":{"line":7,"column":35}},"6":{"start":{"line":13,"column":17},"end":{"line":13,"column":32}},"7":{"start":{"line":16,"column":21},"end":{"line":18,"column":11}},"8":{"start":{"line":20,"column":27},"end":{"line":22,"column":25}},"9":{"start":{"line":24,"column":19},"end":{"line":35,"column":3}},"10":{"start":{"line":38,"column":2},"end":{"line":40,"column":3}},"11":{"start":{"line":39,"column":4},"end":{"line":39,"column":68}},"12":{"start":{"line":42,"column":2},"end":{"line":42,"column":18}},"13":{"start":{"line":50,"column":2},"end":{"line":52,"column":3}},"14":{"start":{"line":51,"column":4},"end":{"line":51,"column":59}},"15":{"start":{"line":54,"column":15},"end":{"line":54,"column":45}},"16":{"start":{"line":55,"column":18},"end":{"line":55,"column":57}},"17":{"start":{"line":57,"column":19},"end":{"line":57,"column":45}},"18":{"start":{"line":58,"column":19},"end":{"line":58,"column":76}},"19":{"start":{"line":60,"column":2},"end":{"line":60,"column":113}},"20":{"start":{"line":62,"column":19},"end":{"line":68,"column":4}},"21":{"start":{"line":70,"column":18},"end":{"line":70,"column":34}},"22":{"start":{"line":71,"column":19},"end":{"line":71,"column":63}},"23":{"start":{"line":73,"column":2},"end":{"line":73,"column":78}},"24":{"start":{"line":74,"column":2},"end":{"line":74,"column":31}},"25":{"start":{"line":81,"column":2},"end":{"line":88,"column":3}},"26":{"start":{"line":82,"column":4},"end":{"line":85,"column":5}},"27":{"start":{"line":83,"column":6},"end":{"line":83,"column":30}},"28":{"start":{"line":84,"column":6},"end":{"line":84,"column":75}},"29":{"start":{"line":87,"column":4},"end":{"line":87,"column":74}},"30":{"start":{"line":91,"column":0},"end":{"line":91,"column":74}}},"fnMap":{"0":{"name":"buildVideoMetadata","decl":{"start":{"line":12,"column":9},"end":{"line":12,"column":27}},"loc":{"start":{"line":12,"column":67},"end":{"line":43,"column":1}},"line":12},"1":{"name":"uploadToYouTube","decl":{"start":{"line":49,"column":15},"end":{"line":49,"column":30}},"loc":{"start":{"line":49,"column":80},"end":{"line":75,"column":1}},"line":49},"2":{"name":"cleanupClipFile","decl":{"start":{"line":80,"column":9},"end":{"line":80,"column":24}},"loc":{"start":{"line":80,"column":35},"end":{"line":89,"column":1}},"line":80}},"branchMap":{"0":{"loc":{"start":{"line":16,"column":21},"end":{"line":18,"column":11}},"type":"cond-expr","locations":[{"start":{"line":17,"column":6},"end":{"line":17,"column":24}},{"start":{"line":18,"column":6},"end":{"line":18,"column":11}}],"line":16},"1":{"loc":{"start":{"line":16,"column":21},"end":{"line":16,"column":57}},"type":"binary-expr","locations":[{"start":{"line":16,"column":21},"end":{"line":16,"column":27}},{"start":{"line":16,"column":31},"end":{"line":16,"column":57}}],"line":16},"2":{"loc":{"start":{"line":20,"column":27},"end":{"line":22,"column":25}},"type":"cond-expr","locations":[{"start":{"line":21,"column":6},"end":{"line":21,"column":61}},{"start":{"line":22,"column":7},"end":{"line":22,"column":24}}],"line":20},"3":{"loc":{"start":{"line":21,"column":9},"end":{"line":21,"column":26}},"type":"binary-expr","locations":[{"start":{"line":21,"column":9},"end":{"line":21,"column":20}},{"start":{"line":21,"column":24},"end":{"line":21,"column":26}}],"line":21},"4":{"loc":{"start":{"line":22,"column":7},"end":{"line":22,"column":24}},"type":"binary-expr","locations":[{"start":{"line":22,"column":7},"end":{"line":22,"column":18}},{"start":{"line":22,"column":22},"end":{"line":22,"column":24}}],"line":22},"5":{"loc":{"start":{"line":32,"column":21},"end":{"line":32,"column":55}},"type":"cond-expr","locations":[{"start":{"line":32,"column":35},"end":{"line":32,"column":44}},{"start":{"line":32,"column":47},"end":{"line":32,"column":55}}],"line":32},"6":{"loc":{"start":{"line":38,"column":2},"end":{"line":40,"column":3}},"type":"if","locations":[{"start":{"line":38,"column":2},"end":{"line":40,"column":3}},{"start":{},"end":{}}],"line":38},"7":{"loc":{"start":{"line":50,"column":2},"end":{"line":52,"column":3}},"type":"if","locations":[{"start":{"line":50,"column":2},"end":{"line":52,"column":3}},{"start":{},"end":{}}],"line":50},"8":{"loc":{"start":{"line":82,"column":4},"end":{"line":85,"column":5}},"type":"if","locations":[{"start":{"line":82,"column":4},"end":{"line":85,"column":5}},{"start":{},"end":{}}],"line":82},"9":{"loc":{"start":{"line":82,"column":8},"end":{"line":82,"column":43}},"type":"binary-expr","locations":[{"start":{"line":82,"column":8},"end":{"line":82,"column":16}},{"start":{"line":82,"column":20},"end":{"line":82,"column":43}}],"line":82}},"s":{"0":5,"1":5,"2":5,"3":5,"4":5,"5":5,"6":12,"7":12,"8":12,"9":12,"10":12,"11":2,"12":12,"13":2,"14":1,"15":1,"16":1,"17":1,"18":1,"19":1,"20":1,"21":1,"22":1,"23":1,"24":1,"25":4,"26":4,"27":2,"28":1,"29":1,"30":5},"f":{"0":12,"1":2,"2":4},"b":{"0":[2,10],"1":[12,4],"2":[4,8],"3":[4,2],"4":[8,5],"5":[2,10],"6":[2,10],"7":[1,1],"8":[2,2],"9":[4,3]},"_coverageSchema":"1a1c01bbd47fc00a2c39e90264f33305004495a9","hash":"08fbc95fe541ccc108ccdc766dce28054c429015"}
,"C:\\Users\\felip\\clip-factory\\src\\queues\\index.js": {"path":"C:\\Users\\felip\\clip-factory\\src\\queues\\index.js","statementMap":{"0":{"start":{"line":3,"column":18},"end":{"line":3,"column":35}},"1":{"start":{"line":4,"column":15},"end":{"line":4,"column":69}},"2":{"start":{"line":6,"column":20},"end":{"line":11,"column":1}},"3":{"start":{"line":14,"column":17},"end":{"line":14,"column":21}},"4":{"start":{"line":15,"column":13},"end":{"line":15,"column":17}},"5":{"start":{"line":18,"column":2},"end":{"line":29,"column":3}},"6":{"start":{"line":19,"column":4},"end":{"line":24,"column":5}},"7":{"start":{"line":20,"column":6},"end":{"line":23,"column":8}},"8":{"start":{"line":25,"column":4},"end":{"line":28,"column":6}},"9":{"start":{"line":30,"column":2},"end":{"line":30,"column":20}},"10":{"start":{"line":34,"column":2},"end":{"line":42,"column":3}},"11":{"start":{"line":35,"column":17},"end":{"line":35,"column":32}},"12":{"start":{"line":36,"column":4},"end":{"line":41,"column":6}},"13":{"start":{"line":43,"column":2},"end":{"line":43,"column":16}},"14":{"start":{"line":51,"column":2},"end":{"line":55,"column":5}},"15":{"start":{"line":56,"column":2},"end":{"line":56,"column":78}},"16":{"start":{"line":64,"column":2},"end":{"line":68,"column":5}},"17":{"start":{"line":69,"column":2},"end":{"line":69,"column":74}},"18":{"start":{"line":77,"column":2},"end":{"line":81,"column":5}},"19":{"start":{"line":82,"column":2},"end":{"line":82,"column":98}},"20":{"start":{"line":91,"column":16},"end":{"line":91,"column":81}},"21":{"start":{"line":92,"column":2},"end":{"line":97,"column":5}},"22":{"start":{"line":98,"column":2},"end":{"line":98,"column":90}},"23":{"start":{"line":105,"column":17},"end":{"line":105,"column":19}},"24":{"start":{"line":106,"column":2},"end":{"line":114,"column":3}},"25":{"start":{"line":107,"column":49},"end":{"line":112,"column":6}},"26":{"start":{"line":113,"column":4},"end":{"line":113,"column":58}},"27":{"start":{"line":115,"column":2},"end":{"line":115,"column":16}},"28":{"start":{"line":122,"column":2},"end":{"line":127,"column":3}},"29":{"start":{"line":123,"column":4},"end":{"line":123,"column":65}},"30":{"start":{"line":123,"column":53},"end":{"line":123,"column":62}},"31":{"start":{"line":124,"column":4},"end":{"line":124,"column":18}},"32":{"start":{"line":125,"column":4},"end":{"line":125,"column":22}},"33":{"start":{"line":126,"column":4},"end":{"line":126,"column":34}},"34":{"start":{"line":130,"column":0},"end":{"line":140,"column":2}},"35":{"start":{"line":131,"column":17},"end":{"line":131,"column":36}},"36":{"start":{"line":132,"column":21},"end":{"line":132,"column":44}}},"fnMap":{"0":{"name":"getConnection","decl":{"start":{"line":17,"column":9},"end":{"line":17,"column":22}},"loc":{"start":{"line":17,"column":25},"end":{"line":31,"column":1}},"line":17},"1":{"name":"getQueues","decl":{"start":{"line":33,"column":9},"end":{"line":33,"column":18}},"loc":{"start":{"line":33,"column":21},"end":{"line":44,"column":1}},"line":33},"2":{"name":"enqueueTranscription","decl":{"start":{"line":50,"column":15},"end":{"line":50,"column":35}},"loc":{"start":{"line":50,"column":43},"end":{"line":57,"column":1}},"line":50},"3":{"name":"enqueueAnalysis","decl":{"start":{"line":63,"column":15},"end":{"line":63,"column":30}},"loc":{"start":{"line":63,"column":38},"end":{"line":70,"column":1}},"line":63},"4":{"name":"enqueueClip","decl":{"start":{"line":76,"column":15},"end":{"line":76,"column":26}},"loc":{"start":{"line":76,"column":41},"end":{"line":83,"column":1}},"line":76},"5":{"name":"enqueueUpload","decl":{"start":{"line":90,"column":15},"end":{"line":90,"column":28}},"loc":{"start":{"line":90,"column":59},"end":{"line":99,"column":1}},"line":90},"6":{"name":"getQueuesStatus","decl":{"start":{"line":104,"column":15},"end":{"line":104,"column":30}},"loc":{"start":{"line":104,"column":33},"end":{"line":116,"column":1}},"line":104},"7":{"name":"closeQueues","decl":{"start":{"line":121,"column":15},"end":{"line":121,"column":26}},"loc":{"start":{"line":121,"column":29},"end":{"line":128,"column":1}},"line":121},"8":{"name":"(anonymous_8)","decl":{"start":{"line":123,"column":48},"end":{"line":123,"column":49}},"loc":{"start":{"line":123,"column":53},"end":{"line":123,"column":62}},"line":123},"9":{"name":"(anonymous_9)","decl":{"start":{"line":131,"column":2},"end":{"line":131,"column":3}},"loc":{"start":{"line":131,"column":15},"end":{"line":131,"column":38}},"line":131},"10":{"name":"(anonymous_10)","decl":{"start":{"line":132,"column":2},"end":{"line":132,"column":3}},"loc":{"start":{"line":132,"column":19},"end":{"line":132,"column":46}},"line":132}},"branchMap":{"0":{"loc":{"start":{"line":18,"column":2},"end":{"line":29,"column":3}},"type":"if","locations":[{"start":{"line":18,"column":2},"end":{"line":29,"column":3}},{"start":{},"end":{}}],"line":18},"1":{"loc":{"start":{"line":19,"column":4},"end":{"line":24,"column":5}},"type":"if","locations":[{"start":{"line":19,"column":4},"end":{"line":24,"column":5}},{"start":{},"end":{}}],"line":19},"2":{"loc":{"start":{"line":34,"column":2},"end":{"line":42,"column":3}},"type":"if","locations":[{"start":{"line":34,"column":2},"end":{"line":42,"column":3}},{"start":{},"end":{}}],"line":34},"3":{"loc":{"start":{"line":90,"column":39},"end":{"line":90,"column":57}},"type":"default-arg","locations":[{"start":{"line":90,"column":53},"end":{"line":90,"column":57}}],"line":90},"4":{"loc":{"start":{"line":91,"column":16},"end":{"line":91,"column":81}},"type":"cond-expr","locations":[{"start":{"line":91,"column":30},"end":{"line":91,"column":77}},{"start":{"line":91,"column":80},"end":{"line":91,"column":81}}],"line":91},"5":{"loc":{"start":{"line":122,"column":2},"end":{"line":127,"column":3}},"type":"if","locations":[{"start":{"line":122,"column":2},"end":{"line":127,"column":3}},{"start":{},"end":{}}],"line":122}},"s":{"0":11,"1":11,"2":11,"3":11,"4":11,"5":8,"6":8,"7":0,"8":8,"9":8,"10":7,"11":7,"12":7,"13":7,"14":2,"15":2,"16":1,"17":1,"18":1,"19":1,"20":2,"21":2,"22":2,"23":1,"24":1,"25":4,"26":4,"27":1,"28":3,"29":1,"30":4,"31":1,"32":1,"33":1,"34":11,"35":0,"36":1},"f":{"0":8,"1":7,"2":2,"3":1,"4":1,"5":2,"6":1,"7":3,"8":4,"9":0,"10":1},"b":{"0":[8,0],"1":[0,8],"2":[7,0],"3":[0],"4":[1,1],"5":[1,2]},"_coverageSchema":"1a1c01bbd47fc00a2c39e90264f33305004495a9","hash":"4db6fb8d7edc30ffa3c52c0ce1aa988822d327ca"}
,"C:\\Users\\felip\\clip-factory\\src\\routes\\auth.js": {"path":"C:\\Users\\felip\\clip-factory\\src\\routes\\auth.js","statementMap":{"0":{"start":{"line":1,"column":15},"end":{"line":1,"column":42}},"1":{"start":{"line":2,"column":63},"end":{"line":2,"column":114}},"2":{"start":{"line":3,"column":15},"end":{"line":3,"column":67}},"3":{"start":{"line":6,"column":0},"end":{"line":11,"column":3}},"4":{"start":{"line":7,"column":2},"end":{"line":9,"column":3}},"5":{"start":{"line":8,"column":4},"end":{"line":8,"column":95}},"6":{"start":{"line":10,"column":2},"end":{"line":10,"column":29}},"7":{"start":{"line":14,"column":0},"end":{"line":26,"column":3}},"8":{"start":{"line":15,"column":26},"end":{"line":15,"column":35}},"9":{"start":{"line":16,"column":2},"end":{"line":18,"column":3}},"10":{"start":{"line":17,"column":4},"end":{"line":17,"column":48}},"11":{"start":{"line":19,"column":2},"end":{"line":25,"column":3}},"12":{"start":{"line":20,"column":4},"end":{"line":20,"column":38}},"13":{"start":{"line":21,"column":4},"end":{"line":21,"column":43}},"14":{"start":{"line":23,"column":4},"end":{"line":23,"column":58}},"15":{"start":{"line":24,"column":4},"end":{"line":24,"column":41}},"16":{"start":{"line":29,"column":0},"end":{"line":32,"column":3}},"17":{"start":{"line":30,"column":24},"end":{"line":30,"column":47}},"18":{"start":{"line":31,"column":2},"end":{"line":31,"column":30}},"19":{"start":{"line":35,"column":0},"end":{"line":49,"column":3}},"20":{"start":{"line":36,"column":23},"end":{"line":36,"column":31}},"21":{"start":{"line":37,"column":19},"end":{"line":37,"column":49}},"22":{"start":{"line":39,"column":2},"end":{"line":41,"column":3}},"23":{"start":{"line":40,"column":4},"end":{"line":40,"column":81}},"24":{"start":{"line":43,"column":2},"end":{"line":45,"column":3}},"25":{"start":{"line":44,"column":4},"end":{"line":44,"column":47}},"26":{"start":{"line":47,"column":2},"end":{"line":47,"column":35}},"27":{"start":{"line":48,"column":2},"end":{"line":48,"column":20}},"28":{"start":{"line":52,"column":0},"end":{"line":55,"column":3}},"29":{"start":{"line":53,"column":2},"end":{"line":53,"column":21}},"30":{"start":{"line":54,"column":2},"end":{"line":54,"column":30}},"31":{"start":{"line":57,"column":0},"end":{"line":57,"column":24}}},"fnMap":{"0":{"name":"(anonymous_0)","decl":{"start":{"line":6,"column":23},"end":{"line":6,"column":24}},"loc":{"start":{"line":6,"column":37},"end":{"line":11,"column":1}},"line":6},"1":{"name":"(anonymous_1)","decl":{"start":{"lin
[...]
etry.js": {"path":"C:\\Users\\felip\\clip-factory\\src\\utils\\retry.js","statementMap":{"0":{"start":{"line":4,"column":29},"end":{"line":4,"column":63}},"1":{"start":{"line":7,"column":32},"end":{"line":9,"column":2}},"2":{"start":{"line":12,"column":33},"end":{"line":12,"column":62}},"3":{"start":{"line":21,"column":2},"end":{"line":21,"column":69}},"4":{"start":{"line":21,"column":57},"end":{"line":21,"column":69}},"5":{"start":{"line":25,"column":4},"end":{"line":27,"column":12}},"6":{"start":{"line":29,"column":2},"end":{"line":32,"column":3}},"7":{"start":{"line":30,"column":4},"end":{"line":30,"column":63}},"8":{"start":{"line":30,"column":50},"end":{"line":30,"column":63}},"9":{"start":{"line":31,"column":4},"end":{"line":31,"column":58}},"10":{"start":{"line":31,"column":46},"end":{"line":31,"column":58}},"11":{"start":{"line":34,"column":2},"end":{"line":34,"column":15}},"12":{"start":{"line":48,"column":59},"end":{"line":48,"column":66}},"13":{"start":{"line":52,"column":2},"end":{"line":76,"column":3}},"14":{"start":{"line":52,"column":21},"end":{"line":52,"column":22}},"15":{"start":{"line":53,"column":4},"end":{"line":75,"column":5}},"16":{"start":{"line":54,"column":6},"end":{"line":54,"column":24}},"17":{"start":{"line":56,"column":6},"end":{"line":56,"column":20}},"18":{"start":{"line":58,"column":28},"end":{"line":58,"column":51}},"19":{"start":{"line":59,"column":24},"end":{"line":59,"column":40}},"20":{"start":{"line":61,"column":6},"end":{"line":63,"column":7}},"21":{"start":{"line":62,"column":8},"end":{"line":62,"column":18}},"22":{"start":{"line":66,"column":22},"end":{"line":66,"column":60}},"23":{"start":{"line":67,"column":21},"end":{"line":67,"column":53}},"24":{"start":{"line":68,"column":22},"end":{"line":68,"column":38}},"25":{"start":{"line":70,"column":6},"end":{"line":72,"column":7}},"26":{"start":{"line":71,"column":8},"end":{"line":71,"column":65}},"27":{"start":{"line":74,"column":6},"end":{"line":74,"column":27}},"28":{"start":{"line":78,"column":2},"end":{"line":78,"column":16}},"29":{"start":{"line":82,"column":2},"end":{"line":82,"column":57}},"30":{"start":{"line":82,"column":32},"end":{"line":82,"column":55}},"31":{"start":{"line":85,"column":0},"end":{"line":85,"column":44}}},"fnMap":{"0":{"name":"isRetryable","decl":{"start":{"line":19,"column":9},"end":{"line":19,"column":20}},"loc":{"start":{"line":19,"column":26},"end":{"line":35,"column":1}},"line":19},"1":{"name":"withRetry","decl":{"start":{"line":47,"column":15},"end":{"line":47,"column":24}},"loc":{"start":{"line":47,"column":43},"end":{"line":79,"column":1}},"line":47},"2":{"name":"sleep","decl":{"start":{"line":81,"column":9},"end":{"line":81,"column":14}},"loc":{"start":{"line":81,"column":19},"end":{"line":83,"column":1}},"line":81},"3":{"name":"(anonymous_3)","decl":{"start":{"line":82,"column":21},"end":{"line":82,"column":22}},"loc":{"start":{"line":82,"column":32},"end":{"line":82,"column":55}},"line":82}},"branchMap":{"0":{"loc":{"start":{"line":21,"column":2},"end":{"line":21,"column":69}},"type":"if","locations":[{"start":{"line":21,"column":2},"end":{"line":21,"column":69}},{"start":{},"end":{}}],"line":21},"1":{"loc":{"start":{"line":21,"column":6},"end":{"line":21,"column":55}},"type":"binary-expr","locations":[{"start":{"line":21,"column":6},"end":{"line":21,"column":14}},{"start":{"line":21,"column":18},"end":{"line":21,"column":55}}],"line":21},"2":{"loc":{"start":{"line":25,"column":4},"end":{"line":27,"column":12}},"type":"binary-expr","locations":[{"start":{"line":25,"column":4},"end":{"line":25,"column":14}},{"start":{"line":26,"column":4},"end":{"line":26,"column":24}},{"start":{"line":27,"column":4},"end":{"line":27,"column":12}}],"line":25},"3":{"loc":{"start":{"line":29,"column":2},"end":{"line":32,"column":3}},"type":"if","locations":[{"start":{"line":29,"column":2},"end":{"line":32,"column":3}},{"start":{},"end":{}}],"line":29},"4":{"loc":{"start":{"line":30,"column":4},"end":{"line":30,"column":63}},"type":"if","locations":[{"start":{"line":30,"column":4},"end":{"line":30,"column":63}},{"start":{},"end":{}}],"line":30},"5":{"loc":{"start":{"line":31,"column":4},"end":{"line":31,"column":58}},"type":"if","locations":[{"start":{"line":31,"column":4},"end":{"line":31,"column":58}},{"start":{},"end":{}}],"line":31},"6":{"loc":{"start":{"line":47,"column":29},"end":{"line":47,"column":41}},"type":"default-arg","locations":[{"start":{"line":47,"column":39},"end":{"line":47,"column":41}}],"line":47},"7":{"loc":{"start":{"line":48,"column":10},"end":{"line":48,"column":25}},"type":"default-arg","locations":[{"start":{"line":48,"column":24},"end":{"line":48,"column":25}}],"line":48},"8":{"loc":{"start":{"line":48,"column":27},"end":{"line":48,"column":45}},"type":"default-arg","locations":[{"start":{"line":48,"column":41},"end":{"line":48,"column":45}}],"line":48},"9":{"loc":{"start":{"line":61,"column":6},"end":{"line":63,"column":7}},"type":"if","locations":[{"start":{"line":61,"column":6},"end":{"line":63,"column":7}},{"start":{},"end":{}}],"line":61},"10":{"loc":{"start":{"line":61,"column":10},"end":{"line":61,"column":37}},"type":"binary-expr","locations":[{"start":{"line":61,"column":10},"end":{"line":61,"column":23}},{"start":{"line":61,"column":27},"end":{"line":61,"column":37}}],"line":61},"11":{"loc":{"start":{"line":70,"column":6},"end":{"line":72,"column":7}},"type":"if","locations":[{"start":{"line":70,"column":6},"end":{"line":72,"column":7}},{"start":{},"end":{}}],"line":70}},"s":{"0":5,"1":5,"2":5,"3":13,"4":3,"5":10,"6":10,"7":8,"8":3,"9":5,"10":5,"11":2,"12":7,"13":7,"14":7,"15":11,"16":11,"17":7,"18":7,"19":7,"20":7,"21":3,"22":4,"23":4,"24":4,"25":4,"26":1,"27":4,"28":0,"29":4,"30":4,"31":5},"f":{"0":13,"1":7,"2":4,"3":4},"b":{"0":[3,10],"1":[13,3],"2":[10,2,2],"3":[8,2],"4":[3,5],"5":[5,0],"6":[1],"7":[1],"8":[1],"9":[3,4],"10":[7,6],"11":[1,3]},"_coverageSchema":"1a1c01bbd47fc00a2c39e90264f33305004495a9","hash":"95a857ad3be2cbd067292618ac53930d9ae84d64"}
,"C:\\Users\\felip\\clip-factory\\src\\workers\\analyzer.worker.js": {"path":"C:\\Users\\felip\\clip-factory\\src\\workers\\analyzer.worker.js","statementMap":{"0":{"start":{"line":3,"column":19},"end":{"line":3,"column":36}},"1":{"start":{"line":4,"column":18},"end":{"line":4,"column":45}},"2":{"start":{"line":5,"column":28},"end":{"line":5,"column":75}},"3":{"start":{"line":6,"column":36},"end":{"line":6,"column":56}},"4":{"start":{"line":7,"column":15},"end":{"line":7,"column":78}},"5":{"start":{"line":9,"column":13},"end":{"line":9,"column":17}},"6":{"start":{"line":12,"column":17},"end":{"line":17,"column":3}},"7":{"start":{"line":18,"column":2},"end":{"line":20,"column":3}},"8":{"start":{"line":19,"column":4},"end":{"line":19,"column":125}},"9":{"start":{"line":19,"column":48},"end":{"line":19,"column":52}},"10":{"start":{"line":24,"column":2},"end":{"line":24,"column":86}},"11":{"start":{"line":24,"column":32},"end":{"line":24,"column":84}},"12":{"start":{"line":26,"column":2},"end":{"line":37,"column":4}},"13":{"start":{"line":29,"column":24},"end":{"line":29,"column":32}},"14":{"start":{"line":30,"column":6},"end":{"line":30,"column":85}},"15":{"start":{"line":31,"column":6},"end":{"line":31,"column":35}},"16":{"start":{"line":39,"column":2},"end":{"line":41,"column":5}},"17":{"start":{"line":40,"column":4},"end":{"line":40,"column":86}},"18":{"start":{"line":43,"column":2},"end":{"line":45,"column":5}},"19":{"start":{"line":44,"column":4},"end":{"line":44,"column":92}},"20":{"start":{"line":47,"column":2},"end":{"line":47,"column":51}},"21":{"start":{"line":48,"column":2},"end":{"line":48,"column":16}},"22":{"start":{"line":52,"column":2},"end":{"line":55,"column":3}},"23":{"start":{"line":53,"column":4},"end":{"line":53,"column":25}},"24":{"start":{"line":54,"column":4},"end":{"line":54,"column":45}},"25":{"start":{"line":58,"column":0},"end":{"line":58,"column":61}}},"fnMap":{"0":{"name":"resetStuckJobs","decl":{"start":{"line":11,"column":15},"end":{"line":11,"column":29}},"loc":{"start":{"line":11,"column":32},"end":{"line":21,"column":1}},"line":11},"1":{"name":"(anonymous_1)","decl":{"start":{"line":19,"column":43},"end":{"line":19,"column":44}},"loc":{"start":{"line":19,"column":48},"end":{"line":19,"column":52}},"line":19},"2":{"name":"startAnalyzerWorker","decl":{"start":{"line":23,"column":9},"end":{"line":23,"column":28}},"loc":{"start":{"line":23,"column":31},"end":{"line":49,"column":1}},"line":23},"3":{"name":"(anonymous_3)","decl":{"start":{"line":24,"column":25},"end":{"line":24,"column":26}},"loc":{"start":{"line":24,"column":32},"end":{"line":24,"column":84}},"line":24},"4":{"name":"(anonymous_4)","decl":{"start":{"line":28,"column":4},"end":{"line":28,"column":5}},"loc":{"start":{"line":28,"column":19},"end":{"line":32,"column":5}},"line":28},"5":{"name":"(anonymous_5)","decl":{"start":{"line":39,"column":25},"end":{"line":39,"column":26}},"loc":{"start":{"line":39,"column":34},"end":{"line":41,"column":3}},"line":39},"6":{"name":"(anonymous_6)","decl":{"start":{"line":43,"column":22},"end":{"line":43,"column":23}},"loc":{"start":{"line":43,"column":36},"end":{"line":45,"column":3}},"line":43},"7":{"name":"stopAnalyzerWorker","decl":{"start":{"line":51,"column":15},"end":{"line":51,"column":33}},"loc":{"start":{"line":51,"column":36},"end":{"line":56,"column":1}},"line":51}},"branchMap":{"0":{"loc":{"start":{"line":18,"column":2},"end":{"line":20,"column":3}},"type":"if","locations":[{"start":{"line":18,"column":2},"end":{"line":20,"column":3}},{"start":{},"end":{}}],"line":18},"1":{"loc":{"start":{"line":52,"column":2},"end":{"line":55,"column":3}},"type":"if","locations":[{"start":{"line":52,"column":2},"end":{"line":55,"column":3}},{"start":{},"end":{}}],"line":52}},"s":{"0":1,"1":1,"2":1,"3":1,"4":1,"5":1,"6":8,"7":8,"8":1,"9":2,"10":8,"11":0,"12":8,"13":1,"14":1,"15":1,"16":8,"17":1,"18":8,"19":2,"20":8,"21":8,"22":2,"23":2,"24":2,"25":1},"f":{"0":8,"1":2,"2":8,"3":0,"4":1,"5":1,"6":2,"7":2},"b":{"0":[1,7],"1":[2,0]},"_coverageSchema":"1a1c01bbd47fc00a2c39e90264f33305004495a9","hash":"a502480a87081c0955d7088b3bee42862af04173"}
,"C:\\Users\\felip\\clip-factory\\src\\workers\\editor.worker.js": {"path":"C:\\Users\\felip\\clip-factory\\src\\workers\\editor.worker.js","statementMap":{"0":{"start":{"line":3,"column":19},"end":{"line":3,"column":36}},"1":{"start":{"line":4,"column":24},"end":{"line":4,"column":67}},"2":{"start":{"line":5,"column":36},"end":{"line":5,"column":56}},"3":{"start":{"line":6,"column":15},"end":{"line":6,"column":76}},"4":{"start":{"line":8,"column":13},"end":{"line":8,"column":17}},"5":{"start":{"line":11,"column":2},"end":{"line":22,"column":4}},"6":{"start":{"line":14,"column":31},"end":{"line":14,"column":39}},"7":{"start":{"line":15,"column":6},"end":{"line":15,"column":105}},"8":{"start":{"line":16,"column":6},"end":{"line":16,"column":38}},"9":{"start":{"line":24,"column":2},"end":{"line":26,"column":5}},"10":{"start":{"line":25,"column":4},"end":{"line":25,"column":98}},"11":{"start":{"line":28,"column":2},"end":{"line":30,"column":5}},"12":{"start":{"line":29,"column":4},"end":{"line":29,"column":104}},"13":{"start":{"line":32,"column":2},"end":{"line":32,"column":49}},"14":{"start":{"line":33,"column":2},"end":{"line":33,"column":16}},"15":{"start":{"line":37,"column":2},"end":{"line":40,"column":3}},"16":{"start":{"line":38,"column":4},"end":{"line":38,"column":25}},"17":{"start":{"line":39,"column":4},"end":{"line":39,"column":43}},"18":{"start":{"line":43,"column":0},"end":{"line":43,"column":57}}},"fnMap":{"0":{"name":"startEditorWorker","decl":{"start":{"line":10,"column":9},"end":{"line":10,"column":26}},"loc":{"start":{"line":10,"column":29},"end":{"line":34,"column":1}},"line":10},"1":{"name":"(anonymous_1)","decl":{"start":{"line":13,"column":4},"end":{"line":13,"column":5}},"loc":{"start":{"line":13,"column":19},"end":{"line":17,"column":5}},"line":13},"2":{"name":"(anonymous_2)","decl":{"start":{"line":24,"column":25},"end":{"line":24,"column":26}},"loc":{"start":{"line":24,"column":34},"end":{"line":26,"column":3}},"line":24},"3":{"name":"(anonymous_3)","decl":{"start":{"line":28,"column":22},"end":{"line":28,"column":23}},"loc":{"start":{"line":28,"column":36},"end":{"line":30,"column":3}},"line":28},"4":{"name":"stopEditorWorker","decl":{"start":{"line":36,"column":15},"end":{"line":36,"column":31}},"loc":{"start":{"line":36,"column":34},"end":{"line":41,"column":1}},"line":36}},"branchMap":{"0":{"loc":{"start":{"line":37,"column":2},"end":{"line":40,"column":3}},"type":"if","locations":[{"start":{"line":37,"column":2},"end":{"line":40,"column":3}},{"start":{},"end":{}}],"line":37}},"s":{"0":1,"1":1,"2":1,"3":1,"4":1,"5":7,"6":1,"7":1,"8":1,"9":7,"10":1,"11":7,"12":2,"13":7,"14":7,"15":2,"16":2,"17":2,"18":1},"f":{"0":7,"1":1,"2":1,"3":2,"4":2},"b":{"0":[2,0]},"_coverageSchema":"1a1c01bbd47fc00a2c39e90264f33305004495a9","hash":"d4a70b68cf9a28ff3c3e491947fe8407204a76c4"}
,"C:\\Users\\felip\\clip-factory\\src\\workers\\transcription.worker.js": {"path":"C:\\Users\\felip\\clip-factory\\src\\workers\\transcription.worker.js","statementMap":{"0":{"start":{"line":3,"column":19},"end":{"line":3,"column":36}},"1":{"start":{"line":4,"column":18},"end":{"line":4,"column":45}},"2":{"start":{"line":5,"column":33},"end":{"line":5,"column":88}},"3":{"start":{"line":6,"column":36},"end":{"line":6,"column":56}},"4":{"start":{"line":7,"column":15},"end":{"line":7,"column":83}},"5":{"start":{"line":9,"column":13},"end":{"line":9,"column":17}},"6":{"start":{"line":15,"column":17},"end":{"line":20,"column":3}},"7":{"start":{"line":21,"column":2},"end":{"line":23,"column":3}},"8":{"start":{"line":22,"column":4},"end":{"line":22,"column":124}},"9":{"start":{"line":22,"column":48},"end":{"line":22,"column":52}},"10":{"start":{"line":27,"column":2},"end":{"line":27,"column":86}},"11":{"start":{"line":27,"column":32},"end":{"line":27,"column":84}},"12":{"start":{"line":29,"column":2},"end":{"line":40,"column":4}},"13":{"start":{"line":32,"column":24},"end":{"line":32,"column":32}},"14":{"start":{"line":33,"column":6},"end":{"line":33,"column":99}},"15":{"start":{"line":34,"column":6},"end":{"line":34,"column":40}},"16":{"start":{"line":42,"column":2},"end":{"line":44,"column":5}},"17":{"start":{"line":43,"column":4},"end":{"line":43,"column":90}},"18":{"start":{"line":46,"column":2},"end":{"line":48,"column":5}},"19":{"start":{"line":47,"column":4},"end":{"line":47,"column":96}},"20":{"start":{"line":50,"column":2},"end":{"line":50,"column":56}},"21":{"start":{"line":51,"column":2},"end":{"line":51,"column":16}},"22":{"start":{"line":55,"column":2},"end":{"line":58,"column":3}},"23":{"start":{"line":56,"column":4},"end":{"line":56,"column":25}},"24":{"start":{"line":57,"column":4},"end":{"line":57,"column":50}},"25":{"start":{"line":61,"column":0},"end":{"line":61,"column":71}}},"fnMap":{"0":{"name":"resetStuckJobs","decl":{"start":{"line":14,"column":15},"end":{"line":14,"column":29}},"loc":{"start":{"line":14,"column":32},"end":{"line":24,"column":1}},"line":14},"1":{"name":"(anonymous_1)","decl":{"start":{"line":22,"column":43},"end":{"line":22,"column":44}},"loc":{"start":{"line":22,"column":48},"end":{"line":22,"column":52}},"line":22},"2":{"name":"startTranscriptionWorker","decl":{"start":{"line":26,"column":9},"end":{"line":26,"column":33}},"loc":{"start":{"line":26,"column":36},"end":{"line":52,"column":1}},"line":26},"3":{"name":"(anonymous_3)","decl":{"start":{"line":27,"column":25},"end":{"line":27,"column":26}},"loc":{"start":{"line":27,"column":32},"end":{"line":27,"column":84}},"line":27},"4":{"name":"(anonymous_4)","decl":{"start":{"line":31,"column":4},"end":{"line":31,"column":5}},"loc":{"start":{"line":31,"column":19},"end":{"line":35,"column":5}},"line":31},"5":{"name":"(anonymous_5)","decl":{"start":{"line":42,"column":25},"end":{"line":42,"column":26}},"loc":{"start":{"line":42,"column":34},"end":{"line":44,"column":3}},"line":42},"6":{"name":"(anonymous_6)","decl":{"start":{"line":46,"column":22},"end":{"line":46,"column":23}},"loc":{"start":{"line":46,"column":36},"end":{"line":48,"column":3}},"line":46},"7":{"name":"stopTranscriptionWorker","decl":{"start":{"line":54,"column":15},"end":{"line":54,"column":38}},"loc":{"start":{"line":54,"column":41},"end":{"line":59,"column":1}},"line":54}},"branchMap":{"0":{"loc":{"start":{"line":21,"column":2},"end":{"line":23,"column":3}},"type":"if","locations":[{"start":{"line":21,"column":2},"end":{"line":23,"column":3}},{"start":{},"end":{}}],"line":21},"1":{"loc":{"start":{"line":55,"column":2},"end":{"line":58,"column":3}},"type":"if","locations":[{"start":{"line":55,"column":2},"end":{"line":58,"column":3}},{"start":{},"end":{}}],"line":55}},"s":{"0":1,"1":1,"2":1,"3":1,"4":1,"5":1,"6":8,"7":8,"8":1,"9":2,"10":8,"11":0,"12":8,"13":1,"14":1,"15":1,"16":8,"17":1,"18":8,"19":2,"20":8,"21":8,"22":2,"23":2,"24":2,"25":1},"f":{"0":8,"1":2,"2":8,"3":0,"4":1,"5":1,"6":2,"7":2},"b":{"0":[1,7],"1":[2,0]},"_coverageSchema":"1a1c01bbd47fc00a2c39e90264f33305004495a9","hash":"345176660a385be342e89b28cf3d70ac8ec9db33"}
,"C:\\Users\\felip\\clip-factory\\src\\workers\\uploader.worker.js": {"path":"C:\\Users\\felip\\clip-factory\\src\\workers\\uploader.worker.js","statementMap":{"0":{"start":{"line":3,"column":19},"end":{"line":3,"column":36}},"1":{"start":{"line":4,"column":26},"end":{"line":4,"column":73}},"2":{"start":{"line":5,"column":36},"end":{"line":5,"column":56}},"3":{"start":{"line":6,"column":15},"end":{"line":6,"column":78}},"4":{"start":{"line":8,"column":13},"end":{"line":8,"column":17}},"5":{"start":{"line":11,"column":2},"end":{"line":22,"column":4}},"6":{"start":{"line":14,"column":27},"end":{"line":14,"column":35}},"7":{"start":{"line":15,"column":6},"end":{"line":15,"column":98}},"8":{"start":{"line":16,"column":6},"end":{"line":16,"column":36}},"9":{"start":{"line":24,"column":2},"end":{"line":26,"column":5}},"10":{"start":{"line":25,"column":4},"end":{"line":25,"column":91}},"11":{"start":{"line":28,"column":2},"end":{"line":30,"column":5}},"12":{"start":{"line":29,"column":4},"end":{"line":29,"column":97}},"13":{"start":{"line":32,"column":2},"end":{"line":32,"column":51}},"14":{"start":{"line":33,"column":2},"end":{"line":33,"column":16}},"15":{"start":{"line":37,"column":2},"end":{"line":40,"column":3}},"16":{"start":{"line":38,"column":4},"end":{"line":38,"column":25}},"17":{"start":{"line":39,"column":4},"end":{"line":39,"column":45}},"18":{"start":{"line":43,"column":0},"end":{"line":43,"column":61}}},"fnMap":{"0":{"name":"startUploaderWorker","decl":{"start":{"line":10,"column":9},"end":{"line":10,"column":28}},"loc":{"start":{"line":10,"column":31},"end":{"line":34,"column":1}},"line":10},"1":{"name":"(anonymous_1)","decl":{"start":{"line":13,"column":4},"end":{"line":13,"column":5}},"loc":{"start":{"line":13,"column":19},"end":{"line":17,"column":5}},"line":13},"2":{"name":"(anonymous_2)","decl":{"start":{"line":24,"column":25},"end":{"line":24,"column":26}},"loc":{"start":{"line":24,"column":34},"end":{"line":26,"column":3}},"line":24},"3":{"name":"(anonymous_3)","decl":{"start":{"line":28,"column":22},"end":{"line":28,"column":23}},"loc":{"start":{"line":28,"column":36},"end":{"line":30,"column":3}},"line":28},"4":{"name":"stopUploaderWorker","decl":{"start":{"line":36,"column":15},"end":{"line":36,"column":33}},"loc":{"start":{"line":36,"column":36},"end":{"line":41,"column":1}},"line":36}},"branchMap":{"0":{"loc":{"start":{"line":37,"column":2},"end":{"line":40,"column":3}},"type":"if","locations":[{"start":{"line":37,"column":2},"end":{"line":40,"column":3}},{"start":{},"end":{}}],"line":37}},"s":{"0":1,"1":1,"2":1,"3":1,"4":1,"5":7,"6":1,"7":1,"8":1,"9":7,"10":1,"11":7,"12":2,"13":7,"14":7,"15":2,"16":2,"17":2,"18":1},"f":{"0":7,"1":1,"2":1,"3":2,"4":2},"b":{"0":[2,0]},"_coverageSchema":"1a1c01bbd47fc00a2c39e90264f33305004495a9","hash":"4c4d5d5d963fcb84786d2da9a0e678cf20eed795"}
}
