TN:
SF:src\app.js
FN:19,(anonymous_0)
FN:21,(anonymous_1)
FN:48,requireAuth
FN:50,(anonymous_3)
FN:73,(anonymous_4)
FN:79,(anonymous_5)
FNF:6
FNH:4
FNDA:94,(anonymous_0)
FNDA:94,(anonymous_1)
FNDA:94,requireAuth
FNDA:334,(anonymous_3)
FNDA:0,(anonymous_4)
FNDA:0,(anonymous_5)
DA:1,6
DA:2,6
DA:3,6
DA:4,6
DA:5,6
DA:6,6
DA:8,6
DA:9,6
DA:10,6
DA:11,6
DA:12,6
DA:13,6
DA:14,6
DA:16,6
DA:19,6
DA:20,94
DA:21,94
DA:22,94
DA:29,94
DA:33,6
DA:34,6
DA:35,6
DA:36,6
DA:39,6
DA:49,94
DA:50,334
DA:51,49
DA:52,11
DA:53,5
DA:56,6
DA:59,6
DA:62,6
DA:65,6
DA:66,6
DA:67,6
DA:68,6
DA:69,6
DA:70,6
DA:73,6
DA:74,0
DA:75,0
DA:79,6
DA:80,0
DA:81,0
DA:87,6
LF:45
LH:41
BRDA:41,0,0,6
BRDA:41,0,1,4
BRDA:50,1,0,45
BRDA:50,1,1,49
BRDA:51,2,0,38
BRDA:51,2,1,11
BRDA:51,3,0,49
BRDA:51,3,1,49
BRDA:52,4,0,6
BRDA:52,4,1,5
BRDA:74,5,0,0
BRDA:74,5,1,0
BRDA:81,6,0,0
BRDA:81,6,1,0
BRDA:83,7,0,0
BRDA:83,7,1,0
BRF:16
BRH:10
end_of_record
TN:
SF:src\modules\analyzer\analyzer.service.js
FN:13,validateSuggestion
FN:31,processAnalysis
FN:67,(anonymous_2)
FN:85,(anonymous_3)
FN:86,(anonymous_4)
FN:99,getSuggestions
FN:111,updateSuggestionStatus
FNF:7
FNH:6
FNDA:10,validateSuggestion
FNDA:3,processAnalysis
FNDA:2,(anonymous_2)
FNDA:2,(anonymous_3)
FNDA:2,(anonymous_4)
FNDA:0,getSuggestions
FNDA:3,updateSuggestionStatus
DA:1,4
DA:2,4
DA:3,4
DA:5,4
DA:6,4
DA:7,4
DA:8,4
DA:14,10
DA:15,10
DA:16,9
DA:17,9
DA:19,8
DA:20,8
DA:21,7
DA:22,5
DA:23,4
DA:25,4
DA:33,3
DA:34,3
DA:36,3
DA:37,1
DA:41,2
DA:45,2
DA:47,2
DA:48,1
DA:52,1
DA:54,1
DA:55,1
DA:60,1
DA:67,2
DA:69,1
DA:70,0
DA:74,1
DA:75,2
DA:83,1
DA:85,2
DA:86,2
DA:87,1
DA:89,1
DA:91,0
DA:95,0
DA:100,0
DA:108,0
DA:112,3
DA:113,3
DA:114,1
DA:117,2
DA:122,2
DA:123,1
DA:126,1
DA:129,4
LF:51
LH:46
BRDA:14,0,0,0
BRDA:14,0,1,10
BRDA:14,1,0,10
BRDA:14,1,1,10
BRDA:15,2,0,1
BRDA:15,2,1,9
BRDA:16,3,0,0
BRDA:16,3,1,9
BRDA:17,4,0,1
BRDA:17,4,1,8
BRDA:17,5,0,9
BRDA:17,5,1,9
BRDA:20,6,0,1
BRDA:20,6,1,7
BRDA:20,7,0,8
BRDA:20,7,1,3
BRDA:20,7,2,3
BRDA:21,8,0,2
BRDA:21,8,1,5
BRDA:21,9,0,7
BRDA:21,9,1,4
BRDA:21,9,2,3
BRDA:22,10,0,1
BRDA:22,10,1,4
BRDA:23,11,0,0
BRDA:23,11,1,4
BRDA:23,12,0,4
BRDA:23,12,1,4
BRDA:36,13,0,1
BRDA:36,13,1,2
BRDA:36,14,0,3
BRDA:36,14,1,3
BRDA:47,15,0,1
BRDA:47,15,1,1
BRDA:55,16,0,1
BRDA:55,16,1,0
BRDA:57,17,0,0
BRDA:57,17,1,0
BRDA:69,18,0,0
BRDA:69,18,1,1
BRDA:113,19,0,1
BRDA:113,19,1,2
BRDA:122,20,0,1
BRDA:122,20,1,1
BRF:44
BRH:37
end_of_record
TN:
SF:src\modules\analyzer\openai.service.js
FN:38,formatTranscriptionForPrompt
FN:45,(anonymous_1)
FN:70,estimateTokens
FN:77,chunkTranscription
FN:91,(anonymous_4)
FN:92,(anonymous_5)
FN:104,deduplicateSuggestions
FN:106,(anonymous_7)
FN:108,(anonymous_8)
FN:118,analyzeTranscription
FNF:10
FNH:8
FNDA:6,formatTranscriptionForPrompt
FNDA:5,(anonymous_1)
FNDA:9,estimateTokens
FNDA:6,chunkTranscription
FNDA:0,(anonymous_4)
FNDA:0,(anonymous_5)
FNDA:4,deduplicateSuggestions
FNDA:6,(anonymous_7)
FNDA:3,(anonymous_8)
FNDA:7,analyzeTranscription
DA:1,5
DA:2,5
DA:4,5
DA:39,6
DA:42,6
DA:43,6
DA:44,1
DA:45,1
DA:46,5
DA:47,5
DA:48,2
DA:49,2
DA:50,2
DA:51,2
DA:53,5
DA:56,5
DA:59,6
DA:71,9
DA:78,6
DA:80,6
DA:81,6
DA:85,0
DA:86,0
DA:88,0
DA:89,0
DA:91,0
DA:92,0
DA:94,0
DA:95,0
DA:105,4
DA:106,4
DA:107,6
DA:108,3
DA:110,6
DA:111,6
DA:119,7
DA:120,1
DA:123,6
DA:124,6
DA:126,6
DA:128,6
DA:129,6
DA:130,6
DA:132,6
DA:142,6
DA:144,6
DA:145,6
DA:147,1
DA:150,5
DA:151,1
DA:154,4
DA:157,4
DA:160,5
LF:53
LH:45
BRDA:43,0,0,1
BRDA:43,0,1,5
BRDA:43,1,0,6
BRDA:43,1,1,6
BRDA:47,2,0,2
BRDA:47,2,1,3
BRDA:77,3,0,6
BRDA:80,4,0,6
BRDA:80,4,1,0
BRDA:108,5,0,3
BRDA:108,5,1,1
BRDA:110,6,0,5
BRDA:110,6,1,1
BRDA:119,7,0,1
BRDA:119,7,1,6
BRDA:124,8,0,6
BRDA:124,8,1,1
BRDA:130,9,0,6
BRDA:130,9,1,6
BRDA:137,10,0,6
BRDA:137,10,1,6
BRDA:150,11,0,1
BRDA:150,11,1,4
BRF:23
BRH:22
end_of_record
TN:
SF:src\modules\downloader\job.service.js
FN:12,createJob
FN:30,(anonymous_1)
FN:40,processJob
FN:81,updateJobStatus
FN:88,getJob
FN:93,listJobs
FN:101,createJobFromFile
FNF:7
FNH:6
FNDA:6,createJob
FNDA:0,(anonymous_1)
FNDA:1,processJob
FNDA:1,updateJobStatus
FNDA:2,getJob
FNDA:2,listJobs
FNDA:1,createJobFromFile
DA:1,5
DA:2,5
DA:3,5
DA:4,5
DA:5,5
DA:7,5
DA:13,6
DA:14,5
DA:18,1
DA:22,1
DA:25,1
DA:26,0
DA:30,1
DA:31,0
DA:34,1
DA:41,1
DA:43,1
DA:44,1
DA:47,1
DA:48,0
DA:52,1
DA:59,1
DA:62,1
DA:67,1
DA:70,1
DA:71,1
DA:73,0
DA:77,0
DA:82,1
DA:89,2
DA:90,2
DA:94,2
DA:95,2
DA:102,1
DA:103,1
DA:105,1
DA:111,1
DA:112,1
DA:115,1
DA:116,1
DA:118,1
DA:121,5
LF:42
LH:37
BRDA:7,0,0,5
BRDA:7,0,1,5
BRDA:13,1,0,5
BRDA:13,1,1,1
BRDA:25,2,0,0
BRDA:25,2,1,1
BRDA:47,3,0,0
BRDA:47,3,1,1
BRDA:90,4,0,2
BRDA:90,4,1,1
BRF:10
BRH:8
end_of_record
TN:
SF:src\modules\editor\editor.service.js
FN:12,msToSrt
FN:24,generateSRT
FN:30,(anonymous_2)
FN:31,(anonymous_3)
FN:40,(anonymous_4)
FN:46,(anonymous_5)
FN:52,(anonymous_6)
FN:66,processClip
FN:112,(anonymous_8)
FN:147,getClip
FNF:10
FNH:10
FNDA:2,msToSrt
FNDA:2,generateSRT
FNDA:5,(anonymous_2)
FNDA:3,(anonymous_3)
FNDA:3,(anonymous_4)
FNDA:3,(anonymous_5)
FNDA:1,(anonymous_6)
FNDA:7,processClip
FNDA:4,(anonymous_8)
FNDA:2,getClip
DA:1,6
DA:2,6
DA:3,6
DA:4,6
DA:5,6
DA:7,6
DA:13,2
DA:14,2
DA:15,2
DA:16,2
DA:17,2
DA:18,2
DA:25,2
DA:26,2
DA:29,2
DA:30,5
DA:31,3
DA:33,2
DA:36,1
DA:37,1
DA:38,1
DA:40,1
DA:41,3
DA:42,3
DA:43,3
DA:45,3
DA:46,3
DA:47,1
DA:48,1
DA:52,1
DA:53,1
DA:56,1
DA:57,1
DA:61,6
DA:68,7
DA:75,7
DA:77,7
DA:78,1
DA:80,6
DA:81,1
DA:83,5
DA:84,1
DA:88,4
DA:92,4
DA:95,4
DA:100,4
DA:103,4
DA:108,4
DA:110,4
DA:112,4
DA:113,4
DA:124,3
DA:125,3
DA:128,3
DA:131,3
DA:136,3
DA:138,1
DA:139,1
DA:143,1
DA:148,2
DA:149,2
DA:152,6
LF:62
LH:62
BRDA:7,0,0,6
BRDA:7,0,1,6
BRDA:30,1,0,5
BRDA:30,1,1,4
BRDA:33,2,0,1
BRDA:33,2,1,1
BRDA:45,3,0,1
BRDA:45,3,1,2
BRDA:45,4,0,3
BRDA:45,4,1,3
BRDA:45,4,2,3
BRDA:48,5,0,0
BRDA:48,5,1,1
BRDA:77,6,0,1
BRDA:77,6,1,6
BRDA:80,7,0,1
BRDA:80,7,1,5
BRDA:83,8,0,1
BRDA:83,8,1,4
BRDA:92,9,0,4
BRDA:92,9,1,2
BRDA:103,10,0,2
BRDA:103,10,1,2
BRDA:128,11,0,1
BRDA:128,11,1,2
BRDA:128,12,0,3
BRDA:128,12,1,1
BRDA:138,13,0,0
BRDA:138,13,1,1
BRDA:138,14,0,1
BRDA:138,14,1,0
BRDA:149,15,0,2
BRDA:149,15,1,1
BRF:33
BRH:30
end_of_record
TN:
SF:src\modules\transcriber\assemblyai.service.js
FN:16,transcribeAudio
FNF:1
FNH:1
FNDA:4,transcribeAudio
DA:1,4
DA:3,4
DA:17,4
DA:18,1
DA:21,3
DA:23,3
DA:29,3
DA:30,1
DA:33,2
DA:40,4
LF:10
LH:10
BRDA:17,0,0,1
BRDA:17,0,1,3
BRDA:25,1,0,3
BRDA:25,1,1,2
BRDA:29,2,0,1
BRDA:29,2,1,2
BRF:6
BRH:6
end_of_record
TN:
SF:src\modules\transcriber\transcription.service.js
FN:11,processTranscription
FN:68,(anonymous_1)
FN:76,getTranscription
FNF:3
FNH:2
FNDA:3,processTranscription
FNDA:0,(anonymous_1)
FNDA:2,getTranscription
DA:1,4
DA:2,4
DA:3,4
DA:4,4
DA:6,4
DA:13,3
DA:14,3
DA:16,3
DA:17,1
DA:20,2
DA:21,1
DA:25,1
DA:27,1
DA:28,1
DA:30,1
DA:33,1
DA:36,1
DA:37,1
DA:38,1
DA:41,1
DA:54,1
DA:56,1
DA:59,1
DA:60,1
DA:62,1
DA:65,0
DA:69,0
DA:72,1
DA:77,2
DA:81,2
DA:84,4
LF:31
LH:29
BRDA:16,0,0,1
BRDA:16,0,1,2
BRDA:16,1,0,3
BRDA:16,1,1,3
BRDA:20,2,0,1
BRDA:20,2,1,1
BRDA:36,3,0,1
BRDA:36,3,1,0
BRDA:36,3,2,0
BRDA:47,4,0,1
BRDA:47,4,1,0
BRDA:48,5,0,1
BRDA:48,5,1,0
BRDA:72,6,0,1
BRDA:72,6,1,0
BRDA:81,7,0,2
BRDA:81,7,1,1
BRF:17
BRH:12
end_of_record
TN:
SF:src\modules\uploader\uploader.service.js
FN:17,processUpload
FN:44,(anonymous_1)
FN:44,(anonymous_2)
FN:56,(anonymous_3)
FN:96,retryUpload
FN:117,getUpload
FN:122,listUploads
FNF:7
FNH:6
FNDA:11,processUpload
FNDA:5,(anonymous_1)
FNDA:5,(anonymous_2)
FNDA:0,(anonymous_3)
FNDA:2,retryUpload
FNDA:2,getUpload
FNDA:1,listUploads
DA:3,5
DA:4,5
DA:5,5
DA:6,5
DA:7,5
DA:10,5
DA:12,5
DA:19,11
DA:26,11
DA:28,11
DA:29,9
DA:30,7
DA:33,6
DA:34,6
DA:35,1
DA:39,5
DA:41,5
DA:43,5
DA:44,5
DA:45,5
DA:57,0
DA:61,0
DA:70,3
DA:71,3
DA:79,3
DA:80,3
DA:82,3
DA:84,2
DA:85,2
DA:89,2
DA:97,2
DA:98,2
DA:100,2
DA:101,1
DA:102,1
DA:109,0
DA:114,0
DA:118,2
DA:119,2
DA:123,1
DA:124,1
DA:127,5
LF:42
LH:38
BRDA:28,0,0,2
BRDA:28,0,1,9
BRDA:29,1,0,2
BRDA:29,1,1,7
BRDA:30,2,0,1
BRDA:30,2,1,6
BRDA:34,3,0,1
BRDA:34,3,1,5
BRDA:70,4,0,1
BRDA:70,4,1,2
BRDA:84,5,0,2
BRDA:84,5,1,1
BRDA:84,5,2,1
BRDA:100,6,0,1
BRDA:100,6,1,1
BRDA:101,7,0,1
BRDA:101,7,1,0
BRDA:119,8,0,2
BRDA:119,8,1,1
BRF:19
BRH:18
end_of_record
TN:
SF:src\modules\uploader\youtube-auth.service.js
FN:7,createOAuthClient
FN:18,getAuthUrl
FN:30,exchangeCodeForTokens
FN:41,saveTokens
FN:65,getAuthenticatedClient
FN:122,isAuthenticated
FNF:6
FNH:6
FNDA:4,createOAuthClient
FNDA:1,getAuthUrl
FNDA:1,exchangeCodeForTokens
FNDA:4,saveTokens
FNDA:4,getAuthenticatedClient
FNDA:2,isAuthenticated
DA:3,5
DA:4,5
DA:5,5
DA:8,4
DA:19,1
DA:20,1
DA:31,1
DA:32,1
DA:34,1
DA:35,1
DA:42,4
DA:44,4
DA:45,4
DA:47,4
DA:66,4
DA:67,4
DA:68,1
DA:71,3
DA:73,3
DA:74,1
DA:80,2
DA:81,2
DA:83,2
DA:84,2
DA:91,2
DA:92,2
DA:94,2
DA:95,1
DA:96,1
DA:97,1
DA:98,1
DA:106,0
DA:109,0
DA:116,2
DA:123,2
DA:126,2
DA:129,5
LF:37
LH:35
BRDA:42,0,0,3
BRDA:42,0,1,1
BRDA:45,1,0,2
BRDA:45,1,1,2
BRDA:67,2,0,1
BRDA:67,2,1,3
BRDA:73,3,0,1
BRDA:73,3,1,2
BRDA:81,4,0,2
BRDA:81,4,1,0
BRDA:87,5,0,2
BRDA:87,5,1,0
BRDA:91,6,0,2
BRDA:91,6,1,0
BRDA:94,7,0,1
BRDA:94,7,1,1
BRDA:94,8,0,2
BRDA:94,8,1,1
BRDA:100,9,0,0
BRDA:100,9,1,1
BRF:20
BRH:16
end_of_record
TN:
SF:src\modules\uploader\youtube-upload.service.js
FN:12,buildVideoMetadata
FN:49,uploadToYouTube
FN:80,cleanupClipFile
FNF:3
FNH:3
FNDA:12,buildVideoMetadata
FNDA:2,uploadToYouTube
FNDA:4,cleanupClipFile
DA:1,5
DA:2,5
DA:3,5
DA:4,5
DA:6,5
DA:7,5
DA:13,12
DA:16,12
DA:20,12
DA:24,12
DA:38,12
DA:39,2
DA:42,12
DA:50,2
DA:51,1
DA:54,1
DA:55,1
DA:57,1
DA:58,1
DA:60,1
DA:62,1
DA:70,1
DA:71,1
DA:73,1
DA:74,1
DA:81,4
DA:82,4
DA:83,2
DA:84,1
DA:87,1
DA:91,5
LF:31
LH:31
BRDA:16,0,0,2
BRDA:16,0,1,10
BRDA:16,1,0,12
BRDA:16,1,1,4
BRDA:20,2,0,4
BRDA:20,2,1,8
BRDA:21,3,0,4
BRDA:21,3,1,2
BRDA:22,4,0,8
BRDA:22,4,1,5
BRDA:32,5,0,2
BRDA:32,5,1,10
BRDA:38,6,0,2
BRDA:38,6,1,10
BRDA:50,7,0,1
BRDA:50,7,1,1
BRDA:82,8,0,2
BRDA:82,8,1,2
BRDA:82,9,0,4
BRDA:82,9,1,3
BRF:20
BRH:20
end_of_record
TN:
SF:src\queues\index.js
FN:17,getConnection
FN:33,getQueues
FN:50,enqueueTranscription
FN:63,enqueueAnalysis
FN:76,enqueueClip
FN:90,enqueueUpload
FN:104,getQueuesStatus
FN:121,closeQueues
FN:123,(anonymous_8)
FN:131,(anonymous_9)
FN:132,(anonymous_10)
FNF:11
FNH:10
FNDA:8,getConnection
FNDA:7,getQueues
FNDA:2,enqueueTranscription
FNDA:1,enqueueAnalysis
FNDA:1,enqueueClip
FNDA:2,enqueueUpload
FNDA:1,getQueuesStatus
FNDA:3,closeQueues
FNDA:4,(anonymous_8)
FNDA:0,(anonymous_9)
FNDA:1,(anonymous_10)
DA:3,11
DA:4,11
DA:6,11
DA:14,11
DA:15,11
DA:18,8
DA:19,8
DA:20,0
DA:25,8
DA:30,8
DA:34,7
DA:35,7
DA:36,7
DA:43,7
DA:51,2
DA:56,2
DA:64,1
DA:69,1
DA:77,1
DA:82,1
DA:91,2
DA:92,2
DA:98,2
DA:105,1
DA:106,1
DA:107,4
DA:113,4
DA:115,1
DA:122,3
DA:123,4
DA:124,1
DA:125,1
DA:126,1
DA:130,11
DA:131,0
DA:132,1
LF:36
LH:34
BRDA:18,0,0,8
BRDA:18,0,1,0
BRDA:19,1,0,0
BRDA:19,1,1,8
BRDA:34,2,0,7
BRDA:34,2,1,0
BRDA:90,3,0,0
BRDA:91,4,0,1
BRDA:91,4,1,1
BRDA:122,5,0,1
BRDA:122,5,1,2
BRF:11
BRH:7
end_of_record
TN:
SF:src\routes\auth.js
FN:6,(anonymous_0)
FN:14,(anonymous_1)
FN:29,(anonymous_2)
FN:35,(anonymous_3)
FN:52,(anonymous_4)
FNF:5
FNH:5
FNDA:2,(anonymous_0)
FNDA:3,(anonymous_1)
FNDA:2,(anonymous_2)
FNDA:42,(anonymous_3)
FNDA:1,(anonymous_4)
DA:1,6
DA:2,6
DA:3,6
DA:6,6
DA:7,2
DA:8,1
DA:10,1
DA:14,6
DA:15,3
DA:16,3
DA:17,1
DA:19,2
DA:20,2
DA:21,1
DA:23,1
DA:24,1
DA:29,6
DA:30,2
DA:31,2
DA:35,6
DA:36,42
DA:37,42
DA:39,42
DA:40,1
DA:43,41
DA:44,1
DA:47,40
DA:48,40
DA:52,6
DA:53,1
DA:54,1
DA:57,6
LF:32
LH:32
BRDA:7,0,0,1
BRDA:7,0,1,1
BRDA:7,1,0,2
BRDA:7,1,1,1
BRDA:16,2,0,1
BRDA:16,2,1,2
BRDA:16,3,0,3
BRDA:16,3,1,2
BRDA:39,4,0,1
BRDA:39,4,1,41
BRDA:43,5,0,1
BRDA:43,5,1,40
BRF:12
BRH:12
end_of_record
TN:
SF:src\routes\clips.js
FN:6,(anonymous_0)
FN:17,(anonymous_1)
FNF:2
FNH:2
FNDA:2,(anonymous_0)
FNDA:2,(anonymous_1)
DA:1,6
DA:2,6
DA:3,6
DA:6,6
DA:7,2
DA:8,2
DA:9,2
DA:10,1
DA:12,0
DA:17,6
DA:18,2
DA:19,2
DA:20,2
DA:21,1
DA:23,0
DA:27,6
LF:16
LH:14
BRDA:9,0,0,1
BRDA:9,0,1,1
BRDA:20,1,0,1
BRDA:20,1,1,1
BRF:4
BRH:4
end_of_record
TN:
SF:src\routes\health.js
FN:4,(anonymous_0)
FNF:1
FNH:1
FNDA:2,(anonymous_0)
DA:1,6
DA:2,6
DA:4,6
DA:5,2
DA:6,2
DA:7,2
DA:9,0
DA:12,2
DA:13,2
DA:21,6
LF:10
LH:9
BRDA:12,0,0,2
BRDA:12,0,1,0
BRDA:13,1,0,2
BRDA:13,1,1,0
BRDA:17,2,0,2
BRDA:17,2,1,0
BRF:6
BRH:3
end_of_record
TN:
SF:src\routes\jobs.js
FN:14,(anonymous_0)
FN:22,(anonymous_1)
FN:39,(anonymous_2)
FN:55,(anonymous_3)
FN:68,(anonymous_4)
FN:105,(anonymous_5)
FN:119,(anonymous_6)
FN:129,(anonymous_7)
FN:142,(anonymous_8)
FN:159,(anonymous_9)
FNF:10
FNH:5
FNDA:0,(anonymous_0)
FNDA:0,(anonymous_1)
FNDA:3,(anonymous_2)
FNDA:0,(anonymous_3)
FNDA:0,(anonymous_4)
FNDA:0,(anonymous_5)
FNDA:1,(anonymous_6)
FNDA:3,(anonymous_7)
FNDA:3,(anonymous_8)
FNDA:1,(anonymous_9)
DA:1,6
DA:2,6
DA:3,6
DA:4,6
DA:5,6
DA:6,6
DA:7,6
DA:9,6
DA:10,6
DA:12,6
DA:15,0
DA:16,0
DA:19,6
DA:23,0
DA:24,0
DA:25,0
DA:27,0
DA:33,6
DA:39,6
DA:40,3
DA:41,3
DA:42,3
DA:43,1
DA:46,2
DA:47,1
DA:49,1
DA:50,0
DA:55,6
DA:56,0
DA:57,0
DA:58,0
DA:60,0
DA:61,0
DA:63,0
DA:68,6
DA:69,0
DA:70,0
DA:71,0
DA:72,0
DA:75,0
DA:76,0
DA:77,0
DA:78,0
DA:79,0
DA:83,0
DA:84,0
DA:86,0
DA:87,0
DA:90,0
DA:91,0
DA:95,0
DA:96,0
DA:98,0
DA:99,0
DA:100,0
DA:101,0
DA:102,0
DA:105,0
DA:106,0
DA:107,0
DA:108,0
DA:111,0
DA:112,0
DA:114,0
DA:119,6
DA:120,1
DA:121,1
DA:122,1
DA:124,0
DA:129,6
DA:130,3
DA:131,3
DA:132,3
DA:133,2
DA:134,2
DA:135,1
DA:137,0
DA:142,6
DA:143,3
DA:144,3
DA:145,3
DA:147,2
DA:148,2
DA:149,1
DA:152,1
DA:154,0
DA:159,6
DA:160,1
DA:161,1
DA:162,1
DA:164,1
DA:165,1
DA:167,0
DA:171,6
LF:94
LH:48
BRDA:9,0,0,6
BRDA:9,0,1,6
BRDA:10,1,0,0
BRDA:10,1,1,6
BRDA:24,2,0,0
BRDA:24,2,1,0
BRDA:42,3,0,1
BRDA:42,3,1,2
BRDA:42,4,0,3
BRDA:42,4,1,2
BRDA:49,5,0,1
BRDA:49,5,1,0
BRDA:57,6,0,0
BRDA:57,6,1,0
BRDA:71,7,0,0
BRDA:71,7,1,0
BRDA:71,8,0,0
BRDA:71,8,1,0
BRDA:71,8,2,0
BRDA:71,8,3,0
BRDA:71,8,4,0
BRDA:77,9,0,0
BRDA:77,9,1,0
BRDA:90,10,0,0
BRDA:90,10,1,0
BRDA:132,11,0,1
BRDA:132,11,1,2
BRDA:134,12,0,1
BRDA:134,12,1,1
BRDA:145,13,0,1
BRDA:145,13,1,2
BRDA:148,14,0,1
BRDA:148,14,1,1
BRDA:162,15,0,0
BRDA:162,15,1,1
BRF:35
BRH:17
end_of_record
TN:
SF:src\routes\queues.js
FN:7,(anonymous_0)
FNF:1
FNH:1
FNDA:1,(anonymous_0)
DA:3,6
DA:4,6
DA:7,6
DA:8,1
DA:9,1
DA:10,1
DA:12,0
DA:16,6
LF:8
LH:7
BRF:0
BRH:0
end_of_record
TN:
SF:src\routes\suggestions.js
FN:6,(anonymous_0)
FN:20,(anonymous_1)
FN:30,(anonymous_2)
FNF:3
FNH:2
FNDA:2,(anonymous_0)
FNDA:5,(anonymous_1)
FNDA:0,(anonymous_2)
DA:1,6
DA:2,6
DA:3,6
DA:6,6
DA:7,2
DA:8,2
DA:12,2
DA:13,1
DA:15,0
DA:20,6
DA:21,5
DA:22,5
DA:23,5
DA:25,4
DA:28,2
DA:29,1
DA:30,1
DA:31,0
DA:32,0
DA:36,2
DA:38,2
DA:39,2
DA:41,0
DA:45,6
LF:24
LH:20
BRDA:12,0,0,1
BRDA:12,0,1,1
BRDA:23,1,0,1
BRDA:23,1,1,4
BRDA:28,2,0,1
BRDA:28,2,1,1
BRDA:38,3,0,2
BRDA:38,3,1,0
BRDA:38,4,0,2
BRDA:38,4,1,1
BRF:10
BRH:9
end_of_record
TN:
SF:src\routes\uploads.js
FN:7,(anonymous_0)
FN:35,(anonymous_1)
FN:38,(anonymous_2)
FN:48,(anonymous_3)
FN:58,(anonymous_4)
FN:69,(anonymous_5)
FN:71,(anonymous_6)
FNF:7
FNH:4
FNDA:4,(anonymous_0)
FNDA:0,(anonymous_1)
FNDA:0,(anonymous_2)
FNDA:1,(anonymous_3)
FNDA:2,(anonymous_4)
FNDA:1,(anonymous_5)
FNDA:0,(anonymous_6)
DA:1,6
DA:2,6
DA:3,6
DA:4,6
DA:7,6
DA:8,4
DA:9,4
DA:11,4
DA:12,1
DA:16,3
DA:17,3
DA:18,1
DA:20,2
DA:21,1
DA:25,1
DA:31,1
DA:34,1
DA:35,1
DA:36,0
DA:38,0
DA:41,1
DA:43,0
DA:48,6
DA:49,1
DA:50,1
DA:51,1
DA:53,0
DA:58,6
DA:59,2
DA:60,2
DA:61,2
DA:62,1
DA:64,0
DA:69,6
DA:70,1
DA:71,1
DA:72,0
DA:74,1
DA:76,0
DA:80,6
LF:40
LH:33
BRDA:11,0,0,1
BRDA:11,0,1,3
BRDA:11,1,0,4
BRDA:11,1,1,3
BRDA:17,2,0,1
BRDA:17,2,1,2
BRDA:20,3,0,1
BRDA:20,3,1,1
BRDA:28,4,0,1
BRDA:28,4,1,1
BRDA:28,5,0,1
BRDA:28,5,1,1
BRDA:35,6,0,1
BRDA:35,6,1,1
BRDA:61,7,0,1
BRDA:61,7,1,1
BRF:16
BRH:16
end_of_record
TN:
SF:src\utils\crypto.js
FN:13,getKey
FN:31,encryptToken
FN:53,decryptToken
FN:79,isEncrypted
FNF:4
FNH:4
FNDA:27,getKey
FNDA:18,encryptToken
FNDA:9,decryptToken
FNDA:4,isEncrypted
DA:3,18
DA:5,18
DA:6,18
DA:7,18
DA:14,27
DA:15,27
DA:16,2
DA:22,25
DA:32,18
DA:34,17
DA:35,17
DA:36,17
DA:38,17
DA:39,17
DA:41,17
DA:54,9
DA:57,8
DA:58,8
DA:59,1
DA:62,7
DA:63,7
DA:64,7
DA:65,7
DA:67,7
DA:68,7
DA:70,7
DA:80,4
DA:81,2
DA:84,18
LF:29
LH:29
BRDA:15,0,0,2
BRDA:15,0,1,25
BRDA:15,1,0,27
BRDA:15,1,1,26
BRDA:32,2,0,1
BRDA:32,2,1,17
BRDA:54,3,0,1
BRDA:54,3,1,8
BRDA:58,4,0,1
BRDA:58,4,1,7
BRDA:80,5,0,2
BRDA:80,5,1,2
BRF:12
BRH:12
end_of_record
TN:
SF:src\utils\logger.js
FNF:0
FNH:0
DA:3,29
DA:5,29
DA:7,29
DA:34,29
LF:4
LH:4
BRDA:8,0,0,29
BRDA:8,0,1,29
BRDA:29,1,0,29
BRDA:29,1,1,0
BRF:4
BRH:3
end_of_record
TN:
SF:src\utils\retry.js
FN:19,isRetryable
FN:47,withRetry
FN:81,sleep
FN:82,(anonymous_3)
FNF:4
FNH:4
FNDA:13,isRetryable
FNDA:7,withRetry
FNDA:4,sleep
FNDA:4,(anonymous_3)
DA:4,5
DA:7,5
DA:12,5
DA:21,13
DA:25,10
DA:29,10
DA:30,8
DA:31,5
DA:34,2
DA:48,7
DA:52,7
DA:53,11
DA:54,11
DA:56,7
DA:58,7
DA:59,7
DA:61,7
DA:62,3
DA:66,4
DA:67,4
DA:68,4
DA:70,4
DA:71,1
DA:74,4
DA:78,0
DA:82,4
DA:85,5
LF:27
LH:26
BRDA:21,0,0,3
BRDA:21,0,1,10
BRDA:21,1,0,13
BRDA:21,1,1,3
BRDA:25,2,0,10
BRDA:25,2,1,2
BRDA:25,2,2,2
BRDA:29,3,0,8
BRDA:29,3,1,2
BRDA:30,4,0,3
BRDA:30,4,1,5
BRDA:31,5,0,5
BRDA:31,5,1,0
BRDA:47,6,0,1
BRDA:48,7,0,1
BRDA:48,8,0,1
BRDA:61,9,0,3
BRDA:61,9,1,4
BRDA:61,10,0,7
BRDA:61,10,1,6
BRDA:70,11,0,1
BRDA:70,11,1,3
BRF:22
BRH:21
end_of_record
TN:
SF:src\workers\analyzer.worker.js
FN:11,resetStuckJobs
FN:19,(anonymous_1)
FN:23,startAnalyzerWorker
FN:24,(anonymous_3)
FN:28,(anonymous_4)
FN:39,(anonymous_5)
FN:43,(anonymous_6)
FN:51,stopAnalyzerWorker
FNF:8
FNH:7
FNDA:8,resetStuckJobs
FNDA:2,(anonymous_1)
FNDA:8,startAnalyzerWorker
FNDA:0,(anonymous_3)
FNDA:1,(anonymous_4)
FNDA:1,(anonymous_5)
FNDA:2,(anonymous_6)
FNDA:2,stopAnalyzerWorker
DA:3,1
DA:4,1
DA:5,1
DA:6,1
DA:7,1
DA:9,1
DA:12,8
DA:18,8
DA:19,2
DA:24,8
DA:26,8
DA:29,1
DA:30,1
DA:31,1
DA:39,8
DA:40,1
DA:43,8
DA:44,2
DA:47,8
DA:48,8
DA:52,2
DA:53,2
DA:54,2
DA:58,1
LF:24
LH:24
BRDA:18,0,0,1
BRDA:18,0,1,7
BRDA:52,1,0,2
BRDA:52,1,1,0
BRF:4
BRH:3
end_of_record
TN:
SF:src\workers\editor.worker.js
FN:10,startEditorWorker
FN:13,(anonymous_1)
FN:24,(anonymous_2)
FN:28,(anonymous_3)
FN:36,stopEditorWorker
FNF:5
FNH:5
FNDA:7,startEditorWorker
FNDA:1,(anonymous_1)
FNDA:1,(anonymous_2)
FNDA:2,(anonymous_3)
FNDA:2,stopEditorWorker
DA:3,1
DA:4,1
DA:5,1
DA:6,1
DA:8,1
DA:11,7
DA:14,1
DA:15,1
DA:16,1
DA:24,7
DA:25,1
DA:28,7
DA:29,2
DA:32,7
DA:33,7
DA:37,2
DA:38,2
DA:39,2
DA:43,1
LF:19
LH:19
BRDA:37,0,0,2
BRDA:37,0,1,0
BRF:2
BRH:1
end_of_record
TN:
SF:src\workers\transcription.worker.js
FN:14,resetStuckJobs
FN:22,(anonymous_1)
FN:26,startTranscriptionWorker
FN:27,(anonymous_3)
FN:31,(anonymous_4)
FN:42,(anonymous_5)
FN:46,(anonymous_6)
FN:54,stopTranscriptionWorker
FNF:8
FNH:7
FNDA:8,resetStuckJobs
FNDA:2,(anonymous_1)
FNDA:8,startTranscriptionWorker
FNDA:0,(anonymous_3)
FNDA:1,(anonymous_4)
FNDA:1,(anonymous_5)
FNDA:2,(anonymous_6)
FNDA:2,stopTranscriptionWorker
DA:3,1
DA:4,1
DA:5,1
DA:6,1
DA:7,1
DA:9,1
DA:15,8
DA:21,8
DA:22,2
DA:27,8
DA:29,8
DA:32,1
DA:33,1
DA:34,1
DA:42,8
DA:43,1
DA:46,8
DA:47,2
DA:50,8
DA:51,8
DA:55,2
DA:56,2
DA:57,2
DA:61,1
LF:24
LH:24
BRDA:21,0,0,1
BRDA:21,0,1,7
BRDA:55,1,0,2
BRDA:55,1,1,0
BRF:4
BRH:3
end_of_record
TN:
SF:src\workers\uploader.worker.js
FN:10,startUploaderWorker
FN:13,(anonymous_1)
FN:24,(anonymous_2)
FN:28,(anonymous_3)
FN:36,stopUploaderWorker
FNF:5
FNH:5
FNDA:7,startUploaderWorker
FNDA:1,(anonymous_1)
FNDA:1,(anonymous_2)
FNDA:2,(anonymous_3)
FNDA:2,stopUploaderWorker
DA:3,1
DA:4,1
DA:5,1
DA:6,1
DA:8,1
DA:11,7
DA:14,1
DA:15,1
DA:16,1
DA:24,7
DA:25,1
DA:28,7
DA:29,2
DA:32,7
DA:33,7
DA:37,2
DA:38,2
DA:39,2
DA:43,1
LF:19
LH:19
BRDA:37,0,0,2
BRDA:37,0,1,0
BRF:2
BRH:1
end_of_record
